TpTrace Verbose: 0 : 25480, 1, 2024/09/10, 15:34:56.609, 16868175710121, vstest.console.dll, Version: 17.8.0-release-23578-02 Current process architecture: X64
TpTrace Verbose: 0 : 25480, 1, 2024/09/10, 15:34:56.612, 16868175742843, vstest.console.dll, Runtime location: C:\Program Files\dotnet\shared\Microsoft.NETCore.App\8.0.1
TpTrace Verbose: 0 : 25480, 1, 2024/09/10, 15:34:56.616, 16868175778351, vstest.console.dll, ArtifactProcessingPostProcessModeProcessorExecutor.Initialize: ArtifactProcessingMode.Collect
TpTrace Verbose: 0 : 25480, 1, 2024/09/10, 15:34:56.616, 16868175779670, vstest.console.dll, TestSessionCorrelationIdProcessorModeProcessorExecutor.Initialize: TestSessionCorrelationId '14728_2fbf493d-1916-43dd-b75a-fbe46844ffb4'
TpTrace Information: 0 : 25480, 1, 2024/09/10, 15:34:56.623, 16868175853705, vstest.console.dll, FilePatternParser: The given file C:\Users\jrowen\source\repos\construx-class-work\PlayerTracker\PlayerTracker.UnitTests\bin\Debug\net8.0\fine-code-coverage\build-output\PlayerTracker.UnitTests.dll is a full path.
TpTrace Verbose: 0 : 25480, 1, 2024/09/10, 15:34:56.637, 16868175986457, vstest.console.dll, TestPluginCache.DiscoverTestExtensions: finding test extensions in assemblies ends with: RuntimeProvider.dll TPluginInfo: Microsoft.VisualStudio.TestPlatform.Common.ExtensionFramework.Utilities.TestRuntimePluginInformation TExtension: Microsoft.VisualStudio.TestPlatform.ObjectModel.Host.ITestRuntimeProvider
TpTrace Verbose: 0 : 25480, 1, 2024/09/10, 15:34:56.637, 16868175990876, vstest.console.dll, TestPluginCache.GetExtensionPaths: Filtered extension paths: 
TpTrace Verbose: 0 : 25480, 1, 2024/09/10, 15:34:56.637, 16868175992234, vstest.console.dll, TestPluginCache.GetExtensionPaths: Added default extension paths: C:\Program Files\dotnet\sdk\8.0.101\Extensions\Microsoft.Diagnostics.NETCore.Client.dll
C:\Program Files\dotnet\sdk\8.0.101\Extensions\Microsoft.TestPlatform.Extensions.BlameDataCollector.dll
C:\Program Files\dotnet\sdk\8.0.101\Extensions\Microsoft.TestPlatform.Extensions.EventLogCollector.dll
C:\Program Files\dotnet\sdk\8.0.101\Extensions\Microsoft.TestPlatform.TestHostRuntimeProvider.dll
C:\Program Files\dotnet\sdk\8.0.101\Extensions\Microsoft.VisualStudio.TestPlatform.Extensions.Html.TestLogger.dll
C:\Program Files\dotnet\sdk\8.0.101\Extensions\Microsoft.VisualStudio.TestPlatform.Extensions.Trx.TestLogger.dll
TpTrace Verbose: 0 : 25480, 1, 2024/09/10, 15:34:56.637, 16868175992893, vstest.console.dll, TestPluginCache.GetExtensionPaths: Added unfilterableExtensionPaths: 
TpTrace Information: 0 : 25480, 1, 2024/09/10, 15:34:56.638, 16868176000934, vstest.console.dll, AssemblyResolver.ctor: Creating AssemblyResolver with searchDirectories C:\Program Files\dotnet\sdk\8.0.101\Extensions,C:\Program Files\dotnet\sdk\8.0.101
TpTrace Verbose: 0 : 25480, 1, 2024/09/10, 15:34:56.639, 16868176015600, vstest.console.dll, TestPluginCache.DiscoverTestExtensions: Discovering the extensions using extension path.
TpTrace Verbose: 0 : 25480, 1, 2024/09/10, 15:34:56.640, 16868176017005, vstest.console.dll, TestPluginCache.GetExtensionPaths: Filtered extension paths: 
TpTrace Verbose: 0 : 25480, 1, 2024/09/10, 15:34:56.640, 16868176017508, vstest.console.dll, TestPluginCache.GetExtensionPaths: Added default extension paths: C:\Program Files\dotnet\sdk\8.0.101\Extensions\Microsoft.Diagnostics.NETCore.Client.dll
C:\Program Files\dotnet\sdk\8.0.101\Extensions\Microsoft.TestPlatform.Extensions.BlameDataCollector.dll
C:\Program Files\dotnet\sdk\8.0.101\Extensions\Microsoft.TestPlatform.Extensions.EventLogCollector.dll
C:\Program Files\dotnet\sdk\8.0.101\Extensions\Microsoft.TestPlatform.TestHostRuntimeProvider.dll
C:\Program Files\dotnet\sdk\8.0.101\Extensions\Microsoft.VisualStudio.TestPlatform.Extensions.Html.TestLogger.dll
C:\Program Files\dotnet\sdk\8.0.101\Extensions\Microsoft.VisualStudio.TestPlatform.Extensions.Trx.TestLogger.dll
TpTrace Verbose: 0 : 25480, 1, 2024/09/10, 15:34:56.640, 16868176017868, vstest.console.dll, TestPluginCache.GetExtensionPaths: Added unfilterableExtensionPaths: 
TpTrace Verbose: 0 : 25480, 1, 2024/09/10, 15:34:56.640, 16868176019057, vstest.console.dll, TestPluginCache.DiscoverTestExtensions: Discovering the extensions using allExtensionPaths: C:\Program Files\dotnet\sdk\8.0.101\Extensions\Microsoft.Diagnostics.NETCore.Client.dll
C:\Program Files\dotnet\sdk\8.0.101\Extensions\Microsoft.TestPlatform.Extensions.BlameDataCollector.dll
C:\Program Files\dotnet\sdk\8.0.101\Extensions\Microsoft.TestPlatform.Extensions.EventLogCollector.dll
C:\Program Files\dotnet\sdk\8.0.101\Extensions\Microsoft.TestPlatform.TestHostRuntimeProvider.dll
C:\Program Files\dotnet\sdk\8.0.101\Extensions\Microsoft.VisualStudio.TestPlatform.Extensions.Html.TestLogger.dll
C:\Program Files\dotnet\sdk\8.0.101\Extensions\Microsoft.VisualStudio.TestPlatform.Extensions.Trx.TestLogger.dll
TpTrace Information: 0 : 25480, 1, 2024/09/10, 15:34:56.640, 16868176020101, vstest.console.dll, AssemblyResolver.AddSearchDirectories: Adding more searchDirectories C:\Program Files\dotnet\sdk\8.0.101\Extensions,C:\Program Files\dotnet\sdk\8.0.101
TpTrace Information: 0 : 25480, 1, 2024/09/10, 15:34:56.640, 16868176020885, vstest.console.dll, AssemblyResolver.AddSearchDirectories: Adding more searchDirectories C:\Program Files\dotnet\sdk\8.0.101\Extensions,C:\Program Files\dotnet\sdk\8.0.101
TpTrace Information: 0 : 25480, 1, 2024/09/10, 15:34:56.640, 16868176021347, vstest.console.dll, AssemblyResolver.AddSearchDirectories: Adding more searchDirectories C:\Program Files\dotnet\sdk\8.0.101\Extensions,C:\Program Files\dotnet\sdk\8.0.101
TpTrace Information: 0 : 25480, 1, 2024/09/10, 15:34:56.640, 16868176021721, vstest.console.dll, AssemblyResolver.AddSearchDirectories: Adding more searchDirectories C:\Program Files\dotnet\sdk\8.0.101\Extensions,C:\Program Files\dotnet\sdk\8.0.101
TpTrace Information: 0 : 25480, 1, 2024/09/10, 15:34:56.640, 16868176022145, vstest.console.dll, AssemblyResolver.AddSearchDirectories: Adding more searchDirectories C:\Program Files\dotnet\sdk\8.0.101\Extensions,C:\Program Files\dotnet\sdk\8.0.101
TpTrace Information: 0 : 25480, 1, 2024/09/10, 15:34:56.640, 16868176022518, vstest.console.dll, AssemblyResolver.AddSearchDirectories: Adding more searchDirectories C:\Program Files\dotnet\sdk\8.0.101\Extensions,C:\Program Files\dotnet\sdk\8.0.101
TpTrace Information: 0 : 25480, 1, 2024/09/10, 15:34:56.641, 16868176027495, vstest.console.dll, AssemblyResolver.OnResolve: Microsoft.Diagnostics.NETCore.Client: Resolving assembly.
TpTrace Information: 0 : 25480, 1, 2024/09/10, 15:34:56.641, 16868176028394, vstest.console.dll, AssemblyResolver.OnResolve: Microsoft.Diagnostics.NETCore.Client: Searching in: 'C:\Program Files\dotnet\sdk\8.0.101\Extensions'.
TpTrace Information: 0 : 25480, 1, 2024/09/10, 15:34:56.649, 16868176112222, vstest.console.dll, AssemblyResolver.OnResolve: Microsoft.Diagnostics.NETCore.Client: Loading assembly 'C:\Program Files\dotnet\sdk\8.0.101\Extensions\Microsoft.Diagnostics.NETCore.Client.dll'.
TpTrace Information: 0 : 25480, 1, 2024/09/10, 15:34:56.654, 16868176156126, vstest.console.dll, AssemblyResolver.OnResolve: Resolved assembly: Microsoft.Diagnostics.NETCore.Client, from path: C:\Program Files\dotnet\sdk\8.0.101\Extensions\Microsoft.Diagnostics.NETCore.Client.dll
TpTrace Verbose: 0 : 25480, 1, 2024/09/10, 15:34:56.659, 16868176206334, vstest.console.dll, MetadataReaderExtensionsHelper: Discovering extensions inside assembly 'Microsoft.Diagnostics.NETCore.Client, Version=0.2.8.21101, Culture=neutral, PublicKeyToken=31bf3856ad364e35' file path 'C:\Program Files\dotnet\sdk\8.0.101\Extensions\Microsoft.Diagnostics.NETCore.Client.dll'
TpTrace Information: 0 : 25480, 1, 2024/09/10, 15:34:56.663, 16868176252461, vstest.console.dll, AssemblyResolver.OnResolve: Microsoft.Bcl.AsyncInterfaces: Resolving assembly.
TpTrace Information: 0 : 25480, 1, 2024/09/10, 15:34:56.663, 16868176253498, vstest.console.dll, AssemblyResolver.OnResolve: Microsoft.Bcl.AsyncInterfaces: Searching in: 'C:\Program Files\dotnet\sdk\8.0.101\Extensions'.
TpTrace Information: 0 : 25480, 1, 2024/09/10, 15:34:56.663, 16868176254703, vstest.console.dll, AssemblyResolver.OnResolve: Microsoft.Bcl.AsyncInterfaces: Assembly path does not exist: 'C:\Program Files\dotnet\sdk\8.0.101\Extensions\Microsoft.Bcl.AsyncInterfaces.dll', returning.
TpTrace Information: 0 : 25480, 1, 2024/09/10, 15:34:56.664, 16868176256118, vstest.console.dll, AssemblyResolver.OnResolve: Microsoft.Bcl.AsyncInterfaces: Assembly path does not exist: 'C:\Program Files\dotnet\sdk\8.0.101\Extensions\Microsoft.Bcl.AsyncInterfaces.exe', returning.
TpTrace Information: 0 : 25480, 1, 2024/09/10, 15:34:56.664, 16868176256572, vstest.console.dll, AssemblyResolver.OnResolve: Microsoft.Bcl.AsyncInterfaces: Searching in: 'C:\Program Files\dotnet\sdk\8.0.101'.
TpTrace Information: 0 : 25480, 1, 2024/09/10, 15:34:56.664, 16868176257506, vstest.console.dll, AssemblyResolver.OnResolve: Microsoft.Bcl.AsyncInterfaces: Assembly path does not exist: 'C:\Program Files\dotnet\sdk\8.0.101\Microsoft.Bcl.AsyncInterfaces.dll', returning.
TpTrace Information: 0 : 25480, 1, 2024/09/10, 15:34:56.664, 16868176258422, vstest.console.dll, AssemblyResolver.OnResolve: Microsoft.Bcl.AsyncInterfaces: Assembly path does not exist: 'C:\Program Files\dotnet\sdk\8.0.101\Microsoft.Bcl.AsyncInterfaces.exe', returning.
TpTrace Information: 0 : 25480, 1, 2024/09/10, 15:34:56.664, 16868176258805, vstest.console.dll, AssemblyResolver.OnResolve: Microsoft.Bcl.AsyncInterfaces: Failed to load assembly.
TpTrace Verbose: 0 : 25480, 1, 2024/09/10, 15:34:56.664, 16868176259220, vstest.console.dll, CurrentDomainAssemblyResolve: Resolving assembly 'Microsoft.Bcl.AsyncInterfaces'.
TpTrace Information: 0 : 25480, 1, 2024/09/10, 15:34:56.664, 16868176259843, vstest.console.dll, AssemblyResolver.OnResolve: Microsoft.Bcl.AsyncInterfaces: Resolving assembly.
TpTrace Information: 0 : 25480, 1, 2024/09/10, 15:34:56.664, 16868176260392, vstest.console.dll, AssemblyResolver.OnResolve: Microsoft.Bcl.AsyncInterfaces: Resolved from cache.
TpTrace Verbose: 0 : 25480, 1, 2024/09/10, 15:34:56.664, 16868176260808, vstest.console.dll, CurrentDomainAssemblyResolve: Resolving assembly 'Microsoft.Bcl.AsyncInterfaces'.
TpTrace Verbose: 0 : 25480, 1, 2024/09/10, 15:34:56.664, 16868176261210, vstest.console.dll, CurrentDomainAssemblyResolve: Failed to resolve assembly 'Microsoft.Bcl.AsyncInterfaces'.
TpTrace Verbose: 0 : 25480, 1, 2024/09/10, 15:34:56.665, 16868176272063, vstest.console.dll, CurrentDomainAssemblyResolve: Failed to resolve assembly 'Microsoft.Bcl.AsyncInterfaces'.
TpTrace Warning: 0 : 25480, 1, 2024/09/10, 15:34:56.676, 16868176384316, vstest.console.dll, TestPluginDiscoverer: Failed to get types from assembly 'Microsoft.Diagnostics.NETCore.Client, Version=0.2.8.21101, Culture=neutral, PublicKeyToken=31bf3856ad364e35'. Error: System.Reflection.ReflectionTypeLoadException: Unable to load one or more of the requested types.
Could not load file or assembly 'Microsoft.Bcl.AsyncInterfaces, Version=1.0.0.0, Culture=neutral, PublicKeyToken=cc7b13ffcd2ddd51'. The system cannot find the file specified.
   at System.Reflection.RuntimeModule.GetTypes(RuntimeModule module)
   at System.Reflection.RuntimeModule.GetTypes()
   at Microsoft.VisualStudio.TestPlatform.Common.ExtensionFramework.TestPluginDiscoverer.GetTestExtensionsFromAssembly[TPluginInfo,TExtension](Assembly assembly, Dictionary`2 pluginInfos, String filePath) in /_/src/Microsoft.TestPlatform.Common/ExtensionFramework/TestPluginDiscoverer.cs:line 158
System.IO.FileNotFoundException: Could not load file or assembly 'Microsoft.Bcl.AsyncInterfaces, Version=1.0.0.0, Culture=neutral, PublicKeyToken=cc7b13ffcd2ddd51'. The system cannot find the file specified.
File name: 'Microsoft.Bcl.AsyncInterfaces, Version=1.0.0.0, Culture=neutral, PublicKeyToken=cc7b13ffcd2ddd51'
 ---> System.IO.FileNotFoundException: Could not load file or assembly 'Microsoft.Bcl.AsyncInterfaces, Culture=neutral, PublicKeyToken=null'. The system cannot find the file specified.
File name: 'Microsoft.Bcl.AsyncInterfaces, Culture=neutral, PublicKeyToken=null'
   at System.Reflection.RuntimeAssembly.InternalLoad(AssemblyName assemblyName, StackCrawlMark& stackMark, AssemblyLoadContext assemblyLoadContext, RuntimeAssembly requestingAssembly, Boolean throwOnFileNotFound)
   at System.Reflection.Assembly.Load(AssemblyName assemblyRef)
   at Microsoft.VisualStudio.TestPlatform.Common.ExtensionFramework.TestPluginCache.CurrentDomainAssemblyResolve(Object sender, AssemblyResolveEventArgs args) in /_/src/Microsoft.TestPlatform.Common/ExtensionFramework/TestPluginCache.cs:line 513
   at System.Runtime.Loader.AssemblyLoadContext.GetFirstResolvedAssemblyFromResolvingEvent(AssemblyName assemblyName)
   at System.Runtime.Loader.AssemblyLoadContext.ResolveUsingEvent(AssemblyName assemblyName)
   at System.Runtime.Loader.AssemblyLoadContext.ResolveUsingResolvingEvent(IntPtr gchManagedAssemblyLoadContext, AssemblyName assemblyName)
TpTrace Warning: 0 : 25480, 1, 2024/09/10, 15:34:56.677, 16868176387876, vstest.console.dll, LoaderExceptions: System.IO.FileNotFoundException: Could not load file or assembly 'Microsoft.Bcl.AsyncInterfaces, Version=1.0.0.0, Culture=neutral, PublicKeyToken=cc7b13ffcd2ddd51'. The system cannot find the file specified.
File name: 'Microsoft.Bcl.AsyncInterfaces, Version=1.0.0.0, Culture=neutral, PublicKeyToken=cc7b13ffcd2ddd51'
 ---> System.IO.FileNotFoundException: Could not load file or assembly 'Microsoft.Bcl.AsyncInterfaces, Culture=neutral, PublicKeyToken=null'. The system cannot find the file specified.
File name: 'Microsoft.Bcl.AsyncInterfaces, Culture=neutral, PublicKeyToken=null'
   at System.Reflection.RuntimeAssembly.InternalLoad(AssemblyName assemblyName, StackCrawlMark& stackMark, AssemblyLoadContext assemblyLoadContext, RuntimeAssembly requestingAssembly, Boolean throwOnFileNotFound)
   at System.Reflection.Assembly.Load(AssemblyName assemblyRef)
   at Microsoft.VisualStudio.TestPlatform.Common.ExtensionFramework.TestPluginCache.CurrentDomainAssemblyResolve(Object sender, AssemblyResolveEventArgs args) in /_/src/Microsoft.TestPlatform.Common/ExtensionFramework/TestPluginCache.cs:line 513
   at System.Runtime.Loader.AssemblyLoadContext.GetFirstResolvedAssemblyFromResolvingEvent(AssemblyName assemblyName)
   at System.Runtime.Loader.AssemblyLoadContext.ResolveUsingEvent(AssemblyName assemblyName)
   at System.Runtime.Loader.AssemblyLoadContext.ResolveUsingResolvingEvent(IntPtr gchManagedAssemblyLoadContext, AssemblyName assemblyName)
TpTrace Information: 0 : 25480, 1, 2024/09/10, 15:34:56.677, 16868176389438, vstest.console.dll, AssemblyResolver.OnResolve: Microsoft.TestPlatform.Extensions.BlameDataCollector: Resolving assembly.
TpTrace Information: 0 : 25480, 1, 2024/09/10, 15:34:56.677, 16868176389954, vstest.console.dll, AssemblyResolver.OnResolve: Microsoft.TestPlatform.Extensions.BlameDataCollector: Searching in: 'C:\Program Files\dotnet\sdk\8.0.101\Extensions'.
TpTrace Information: 0 : 25480, 1, 2024/09/10, 15:34:56.677, 16868176395676, vstest.console.dll, AssemblyResolver.OnResolve: Microsoft.TestPlatform.Extensions.BlameDataCollector: Loading assembly 'C:\Program Files\dotnet\sdk\8.0.101\Extensions\Microsoft.TestPlatform.Extensions.BlameDataCollector.dll'.
TpTrace Information: 0 : 25480, 1, 2024/09/10, 15:34:56.680, 16868176425735, vstest.console.dll, AssemblyResolver.OnResolve: Resolved assembly: Microsoft.TestPlatform.Extensions.BlameDataCollector, from path: C:\Program Files\dotnet\sdk\8.0.101\Extensions\Microsoft.TestPlatform.Extensions.BlameDataCollector.dll
TpTrace Verbose: 0 : 25480, 1, 2024/09/10, 15:34:56.681, 16868176426923, vstest.console.dll, MetadataReaderExtensionsHelper: Discovering extensions inside assembly 'Microsoft.TestPlatform.Extensions.BlameDataCollector, Version=15.0.0.0, Culture=neutral, PublicKeyToken=b03f5f7f11d50a3a' file path 'C:\Program Files\dotnet\sdk\8.0.101\Extensions\Microsoft.TestPlatform.Extensions.BlameDataCollector.dll'
TpTrace Information: 0 : 25480, 1, 2024/09/10, 15:34:56.682, 16868176440563, vstest.console.dll, AssemblyResolver.OnResolve: Microsoft.TestPlatform.Extensions.EventLogCollector: Resolving assembly.
TpTrace Information: 0 : 25480, 1, 2024/09/10, 15:34:56.682, 16868176441694, vstest.console.dll, AssemblyResolver.OnResolve: Microsoft.TestPlatform.Extensions.EventLogCollector: Searching in: 'C:\Program Files\dotnet\sdk\8.0.101\Extensions'.
TpTrace Information: 0 : 25480, 1, 2024/09/10, 15:34:56.682, 16868176445737, vstest.console.dll, AssemblyResolver.OnResolve: Microsoft.TestPlatform.Extensions.EventLogCollector: Loading assembly 'C:\Program Files\dotnet\sdk\8.0.101\Extensions\Microsoft.TestPlatform.Extensions.EventLogCollector.dll'.
TpTrace Information: 0 : 25480, 1, 2024/09/10, 15:34:56.683, 16868176450794, vstest.console.dll, AssemblyResolver.OnResolve: Resolved assembly: Microsoft.TestPlatform.Extensions.EventLogCollector, from path: C:\Program Files\dotnet\sdk\8.0.101\Extensions\Microsoft.TestPlatform.Extensions.EventLogCollector.dll
TpTrace Verbose: 0 : 25480, 1, 2024/09/10, 15:34:56.683, 16868176451532, vstest.console.dll, MetadataReaderExtensionsHelper: Discovering extensions inside assembly 'Microsoft.TestPlatform.Extensions.EventLogCollector, Version=15.0.0.0, Culture=neutral, PublicKeyToken=b03f5f7f11d50a3a' file path 'C:\Program Files\dotnet\sdk\8.0.101\Extensions\Microsoft.TestPlatform.Extensions.EventLogCollector.dll'
TpTrace Information: 0 : 25480, 1, 2024/09/10, 15:34:56.685, 16868176471574, vstest.console.dll, AssemblyResolver.OnResolve: Microsoft.TestPlatform.TestHostRuntimeProvider: Resolving assembly.
TpTrace Information: 0 : 25480, 1, 2024/09/10, 15:34:56.685, 16868176472356, vstest.console.dll, AssemblyResolver.OnResolve: Microsoft.TestPlatform.TestHostRuntimeProvider: Searching in: 'C:\Program Files\dotnet\sdk\8.0.101\Extensions'.
TpTrace Information: 0 : 25480, 1, 2024/09/10, 15:34:56.686, 16868176476642, vstest.console.dll, AssemblyResolver.OnResolve: Microsoft.TestPlatform.TestHostRuntimeProvider: Loading assembly 'C:\Program Files\dotnet\sdk\8.0.101\Extensions\Microsoft.TestPlatform.TestHostRuntimeProvider.dll'.
TpTrace Information: 0 : 25480, 1, 2024/09/10, 15:34:56.688, 16868176498553, vstest.console.dll, AssemblyResolver.OnResolve: Resolved assembly: Microsoft.TestPlatform.TestHostRuntimeProvider, from path: C:\Program Files\dotnet\sdk\8.0.101\Extensions\Microsoft.TestPlatform.TestHostRuntimeProvider.dll
TpTrace Verbose: 0 : 25480, 1, 2024/09/10, 15:34:56.688, 16868176499829, vstest.console.dll, MetadataReaderExtensionsHelper: Discovering extensions inside assembly 'Microsoft.TestPlatform.TestHostRuntimeProvider, Version=15.0.0.0, Culture=neutral, PublicKeyToken=b03f5f7f11d50a3a' file path 'C:\Program Files\dotnet\sdk\8.0.101\Extensions\Microsoft.TestPlatform.TestHostRuntimeProvider.dll'
TpTrace Information: 0 : 25480, 1, 2024/09/10, 15:34:56.689, 16868176514902, vstest.console.dll, GetTestExtensionFromType: Register extension with identifier data 'HostProvider://DefaultTestHost' and type 'Microsoft.VisualStudio.TestPlatform.CrossPlatEngine.Hosting.DefaultTestHostManager, Microsoft.TestPlatform.TestHostRuntimeProvider, Version=15.0.0.0, Culture=neutral, PublicKeyToken=b03f5f7f11d50a3a' inside file 'C:\Program Files\dotnet\sdk\8.0.101\Extensions\Microsoft.TestPlatform.TestHostRuntimeProvider.dll'
TpTrace Information: 0 : 25480, 1, 2024/09/10, 15:34:56.690, 16868176517551, vstest.console.dll, GetTestExtensionFromType: Register extension with identifier data 'HostProvider://DotnetTestHost' and type 'Microsoft.VisualStudio.TestPlatform.CrossPlatEngine.Hosting.DotnetTestHostManager, Microsoft.TestPlatform.TestHostRuntimeProvider, Version=15.0.0.0, Culture=neutral, PublicKeyToken=b03f5f7f11d50a3a' inside file 'C:\Program Files\dotnet\sdk\8.0.101\Extensions\Microsoft.TestPlatform.TestHostRuntimeProvider.dll'
TpTrace Information: 0 : 25480, 1, 2024/09/10, 15:34:56.690, 16868176518441, vstest.console.dll, AssemblyResolver.OnResolve: Microsoft.VisualStudio.TestPlatform.Extensions.Html.TestLogger: Resolving assembly.
TpTrace Information: 0 : 25480, 1, 2024/09/10, 15:34:56.690, 16868176518928, vstest.console.dll, AssemblyResolver.OnResolve: Microsoft.VisualStudio.TestPlatform.Extensions.Html.TestLogger: Searching in: 'C:\Program Files\dotnet\sdk\8.0.101\Extensions'.
TpTrace Information: 0 : 25480, 1, 2024/09/10, 15:34:56.690, 16868176524103, vstest.console.dll, AssemblyResolver.OnResolve: Microsoft.VisualStudio.TestPlatform.Extensions.Html.TestLogger: Loading assembly 'C:\Program Files\dotnet\sdk\8.0.101\Extensions\Microsoft.VisualStudio.TestPlatform.Extensions.Html.TestLogger.dll'.
TpTrace Information: 0 : 25480, 1, 2024/09/10, 15:34:56.692, 16868176542447, vstest.console.dll, AssemblyResolver.OnResolve: Resolved assembly: Microsoft.VisualStudio.TestPlatform.Extensions.Html.TestLogger, from path: C:\Program Files\dotnet\sdk\8.0.101\Extensions\Microsoft.VisualStudio.TestPlatform.Extensions.Html.TestLogger.dll
TpTrace Verbose: 0 : 25480, 1, 2024/09/10, 15:34:56.692, 16868176543282, vstest.console.dll, MetadataReaderExtensionsHelper: Discovering extensions inside assembly 'Microsoft.VisualStudio.TestPlatform.Extensions.Html.TestLogger, Version=15.0.0.0, Culture=neutral, PublicKeyToken=b03f5f7f11d50a3a' file path 'C:\Program Files\dotnet\sdk\8.0.101\Extensions\Microsoft.VisualStudio.TestPlatform.Extensions.Html.TestLogger.dll'
TpTrace Information: 0 : 25480, 1, 2024/09/10, 15:34:56.693, 16868176551018, vstest.console.dll, AssemblyResolver.OnResolve: Microsoft.VisualStudio.TestPlatform.Extensions.Trx.TestLogger: Resolving assembly.
TpTrace Information: 0 : 25480, 1, 2024/09/10, 15:34:56.693, 16868176551718, vstest.console.dll, AssemblyResolver.OnResolve: Microsoft.VisualStudio.TestPlatform.Extensions.Trx.TestLogger: Searching in: 'C:\Program Files\dotnet\sdk\8.0.101\Extensions'.
TpTrace Information: 0 : 25480, 1, 2024/09/10, 15:34:56.693, 16868176555801, vstest.console.dll, AssemblyResolver.OnResolve: Microsoft.VisualStudio.TestPlatform.Extensions.Trx.TestLogger: Loading assembly 'C:\Program Files\dotnet\sdk\8.0.101\Extensions\Microsoft.VisualStudio.TestPlatform.Extensions.Trx.TestLogger.dll'.
TpTrace Information: 0 : 25480, 1, 2024/09/10, 15:34:56.697, 16868176589161, vstest.console.dll, AssemblyResolver.OnResolve: Resolved assembly: Microsoft.VisualStudio.TestPlatform.Extensions.Trx.TestLogger, from path: C:\Program Files\dotnet\sdk\8.0.101\Extensions\Microsoft.VisualStudio.TestPlatform.Extensions.Trx.TestLogger.dll
TpTrace Verbose: 0 : 25480, 1, 2024/09/10, 15:34:56.697, 16868176590084, vstest.console.dll, MetadataReaderExtensionsHelper: Discovering extensions inside assembly 'Microsoft.VisualStudio.TestPlatform.Extensions.Trx.TestLogger, Version=15.0.0.0, Culture=neutral, PublicKeyToken=b03f5f7f11d50a3a' file path 'C:\Program Files\dotnet\sdk\8.0.101\Extensions\Microsoft.VisualStudio.TestPlatform.Extensions.Trx.TestLogger.dll'
TpTrace Verbose: 0 : 25480, 1, 2024/09/10, 15:34:56.698, 16868176600023, vstest.console.dll, TestPluginCache: Discovered the extensions using extension path ''.
TpTrace Verbose: 0 : 25480, 1, 2024/09/10, 15:34:56.698, 16868176600959, vstest.console.dll, TestPluginCache: Discoverers are ''.
TpTrace Verbose: 0 : 25480, 1, 2024/09/10, 15:34:56.698, 16868176601345, vstest.console.dll, TestPluginCache: Executors are ''.
TpTrace Verbose: 0 : 25480, 1, 2024/09/10, 15:34:56.698, 16868176601663, vstest.console.dll, TestPluginCache: Executors2 are ''.
TpTrace Verbose: 0 : 25480, 1, 2024/09/10, 15:34:56.698, 16868176601968, vstest.console.dll, TestPluginCache: Setting providers are ''.
TpTrace Verbose: 0 : 25480, 1, 2024/09/10, 15:34:56.698, 16868176602270, vstest.console.dll, TestPluginCache: Loggers are ''.
TpTrace Verbose: 0 : 25480, 1, 2024/09/10, 15:34:56.698, 16868176603071, vstest.console.dll, TestPluginCache: TestHosts are 'HostProvider://DefaultTestHost,HostProvider://DotnetTestHost'.
TpTrace Verbose: 0 : 25480, 1, 2024/09/10, 15:34:56.698, 16868176603532, vstest.console.dll, TestPluginCache: DataCollectors are ''.
TpTrace Information: 0 : 25480, 1, 2024/09/10, 15:34:56.730, 16868176925467, vstest.console.dll, RunTestsArgumentProcessor:Execute: Test run is starting.
TpTrace Verbose: 0 : 25480, 1, 2024/09/10, 15:34:56.731, 16868176926395, vstest.console.dll, RunTestsArgumentProcessor:Execute: Queuing Test run.
TpTrace Information: 0 : 25480, 1, 2024/09/10, 15:34:56.731, 16868176928438, vstest.console.dll, TestRequestManager.RunTests: run tests started.
TpTrace Information: 0 : 25480, 1, 2024/09/10, 15:34:56.732, 16868176938691, vstest.console.dll, AssemblyMetadataProvider.GetFrameworkName: Determined framework:'.NETCoreApp,Version=v8.0' for source: 'C:\Users\jrowen\source\repos\construx-class-work\PlayerTracker\PlayerTracker.UnitTests\bin\Debug\net8.0\fine-code-coverage\build-output\PlayerTracker.UnitTests.dll'
TpTrace Information: 0 : 25480, 1, 2024/09/10, 15:34:56.732, 16868176940096, vstest.console.dll, Determined framework for all sources: .NETCoreApp,Version=v8.0
TpTrace Verbose: 0 : 25480, 1, 2024/09/10, 15:34:56.732, 16868176943093, vstest.console.dll, TestRequestManager.UpdateRunSettingsIfRequired: Default architecture: X64 IsDefaultTargetArchitecture: True, Current process architecture: X64 OperatingSystem: Windows.
TpTrace Information: 0 : 25480, 1, 2024/09/10, 15:34:56.734, 16868176958704, vstest.console.dll, AssemblyMetadataProvider.GetArchitecture: Determined architecture:AnyCPU info for assembly: C:\Users\jrowen\source\repos\construx-class-work\PlayerTracker\PlayerTracker.UnitTests\bin\Debug\net8.0\fine-code-coverage\build-output\PlayerTracker.UnitTests.dll
TpTrace Information: 0 : 25480, 1, 2024/09/10, 15:34:56.734, 16868176959282, vstest.console.dll, Determined platform for source 'C:\Users\jrowen\source\repos\construx-class-work\PlayerTracker\PlayerTracker.UnitTests\bin\Debug\net8.0\fine-code-coverage\build-output\PlayerTracker.UnitTests.dll' was AnyCPU and it will use the default plaform X64.
TpTrace Information: 0 : 25480, 1, 2024/09/10, 15:34:56.734, 16868176959726, vstest.console.dll, None of the sources provided any runnable platform, using the default platform: X64
TpTrace Information: 0 : 25480, 1, 2024/09/10, 15:34:56.734, 16868176960585, vstest.console.dll, Platform was updated to 'X64'.
TpTrace Information: 0 : 25480, 1, 2024/09/10, 15:34:56.737, 16868176990300, vstest.console.dll, InferRunSettingsHelper.IsTestSettingsEnabled: Unable to navigate to RunSettings/MSTest. Current node: RunSettings
TpTrace Information: 0 : 25480, 1, 2024/09/10, 15:34:56.738, 16868176997129, vstest.console.dll, AssemblyResolver.OnResolve: Microsoft.VisualStudio.TestPlatform.Fakes: Resolving assembly.
TpTrace Information: 0 : 25480, 1, 2024/09/10, 15:34:56.738, 16868176998099, vstest.console.dll, AssemblyResolver.OnResolve: Microsoft.VisualStudio.TestPlatform.Fakes: Searching in: 'C:\Program Files\dotnet\sdk\8.0.101\Extensions'.
TpTrace Information: 0 : 25480, 1, 2024/09/10, 15:34:56.738, 16868176999832, vstest.console.dll, AssemblyResolver.OnResolve: Microsoft.VisualStudio.TestPlatform.Fakes: Assembly path does not exist: 'C:\Program Files\dotnet\sdk\8.0.101\Extensions\Microsoft.VisualStudio.TestPlatform.Fakes.dll', returning.
TpTrace Information: 0 : 25480, 1, 2024/09/10, 15:34:56.738, 16868177001097, vstest.console.dll, AssemblyResolver.OnResolve: Microsoft.VisualStudio.TestPlatform.Fakes: Assembly path does not exist: 'C:\Program Files\dotnet\sdk\8.0.101\Extensions\Microsoft.VisualStudio.TestPlatform.Fakes.exe', returning.
TpTrace Information: 0 : 25480, 1, 2024/09/10, 15:34:56.738, 16868177001539, vstest.console.dll, AssemblyResolver.OnResolve: Microsoft.VisualStudio.TestPlatform.Fakes: Searching in: 'C:\Program Files\dotnet\sdk\8.0.101'.
TpTrace Information: 0 : 25480, 1, 2024/09/10, 15:34:56.738, 16868177002445, vstest.console.dll, AssemblyResolver.OnResolve: Microsoft.VisualStudio.TestPlatform.Fakes: Assembly path does not exist: 'C:\Program Files\dotnet\sdk\8.0.101\Microsoft.VisualStudio.TestPlatform.Fakes.dll', returning.
TpTrace Information: 0 : 25480, 1, 2024/09/10, 15:34:56.738, 16868177003384, vstest.console.dll, AssemblyResolver.OnResolve: Microsoft.VisualStudio.TestPlatform.Fakes: Assembly path does not exist: 'C:\Program Files\dotnet\sdk\8.0.101\Microsoft.VisualStudio.TestPlatform.Fakes.exe', returning.
TpTrace Information: 0 : 25480, 1, 2024/09/10, 15:34:56.738, 16868177003829, vstest.console.dll, AssemblyResolver.OnResolve: Microsoft.VisualStudio.TestPlatform.Fakes: Failed to load assembly.
TpTrace Information: 0 : 25480, 1, 2024/09/10, 15:34:56.739, 16868177006565, vstest.console.dll, Failed to load assembly Microsoft.VisualStudio.TestPlatform.Fakes, Version=17.0.0.0, Culture=neutral. Reason:System.IO.FileNotFoundException: Could not load file or assembly 'Microsoft.VisualStudio.TestPlatform.Fakes, Version=17.0.0.0, Culture=neutral, PublicKeyToken=null'. The system cannot find the file specified.
File name: 'Microsoft.VisualStudio.TestPlatform.Fakes, Version=17.0.0.0, Culture=neutral, PublicKeyToken=null'
   at System.Reflection.RuntimeAssembly.InternalLoad(AssemblyName assemblyName, StackCrawlMark& stackMark, AssemblyLoadContext assemblyLoadContext, RuntimeAssembly requestingAssembly, Boolean throwOnFileNotFound)
   at System.Reflection.Assembly.Load(AssemblyName assemblyRef)
   at Microsoft.VisualStudio.TestPlatform.Common.Utilities.FakesUtilities.LoadTestPlatformAssembly() in /_/src/Microsoft.TestPlatform.Common/Utilities/FakesUtilities.cs:line 272
TpTrace Verbose: 0 : 25480, 1, 2024/09/10, 15:34:56.742, 16868177036705, vstest.console.dll, TestPluginCache.DiscoverTestExtensions: finding test extensions in assemblies ends with: TestLogger.dll TPluginInfo: Microsoft.VisualStudio.TestPlatform.Common.ExtensionFramework.Utilities.TestLoggerPluginInformation TExtension: Microsoft.VisualStudio.TestPlatform.ObjectModel.Client.ITestLogger
TpTrace Verbose: 0 : 25480, 1, 2024/09/10, 15:34:56.742, 16868177037606, vstest.console.dll, TestPluginCache.GetExtensionPaths: Filtered extension paths: 
TpTrace Verbose: 0 : 25480, 1, 2024/09/10, 15:34:56.742, 16868177038026, vstest.console.dll, TestPluginCache.GetExtensionPaths: Added default extension paths: C:\Program Files\dotnet\sdk\8.0.101\Extensions\Microsoft.Diagnostics.NETCore.Client.dll
C:\Program Files\dotnet\sdk\8.0.101\Extensions\Microsoft.TestPlatform.Extensions.BlameDataCollector.dll
C:\Program Files\dotnet\sdk\8.0.101\Extensions\Microsoft.TestPlatform.Extensions.EventLogCollector.dll
C:\Program Files\dotnet\sdk\8.0.101\Extensions\Microsoft.TestPlatform.TestHostRuntimeProvider.dll
C:\Program Files\dotnet\sdk\8.0.101\Extensions\Microsoft.VisualStudio.TestPlatform.Extensions.Html.TestLogger.dll
C:\Program Files\dotnet\sdk\8.0.101\Extensions\Microsoft.VisualStudio.TestPlatform.Extensions.Trx.TestLogger.dll
TpTrace Verbose: 0 : 25480, 1, 2024/09/10, 15:34:56.742, 16868177038372, vstest.console.dll, TestPluginCache.GetExtensionPaths: Added unfilterableExtensionPaths: 
TpTrace Information: 0 : 25480, 1, 2024/09/10, 15:34:56.742, 16868177039821, vstest.console.dll, AssemblyResolver.AddSearchDirectories: Adding more searchDirectories C:\Program Files\dotnet\sdk\8.0.101\Extensions,C:\Program Files\dotnet\sdk\8.0.101
TpTrace Verbose: 0 : 25480, 1, 2024/09/10, 15:34:56.742, 16868177040381, vstest.console.dll, TestPluginCache.DiscoverTestExtensions: Discovering the extensions using extension path.
TpTrace Verbose: 0 : 25480, 1, 2024/09/10, 15:34:56.742, 16868177040844, vstest.console.dll, TestPluginCache.GetExtensionPaths: Filtered extension paths: 
TpTrace Verbose: 0 : 25480, 1, 2024/09/10, 15:34:56.742, 16868177041255, vstest.console.dll, TestPluginCache.GetExtensionPaths: Added default extension paths: C:\Program Files\dotnet\sdk\8.0.101\Extensions\Microsoft.Diagnostics.NETCore.Client.dll
C:\Program Files\dotnet\sdk\8.0.101\Extensions\Microsoft.TestPlatform.Extensions.BlameDataCollector.dll
C:\Program Files\dotnet\sdk\8.0.101\Extensions\Microsoft.TestPlatform.Extensions.EventLogCollector.dll
C:\Program Files\dotnet\sdk\8.0.101\Extensions\Microsoft.TestPlatform.TestHostRuntimeProvider.dll
C:\Program Files\dotnet\sdk\8.0.101\Extensions\Microsoft.VisualStudio.TestPlatform.Extensions.Html.TestLogger.dll
C:\Program Files\dotnet\sdk\8.0.101\Extensions\Microsoft.VisualStudio.TestPlatform.Extensions.Trx.TestLogger.dll
TpTrace Verbose: 0 : 25480, 1, 2024/09/10, 15:34:56.742, 16868177041602, vstest.console.dll, TestPluginCache.GetExtensionPaths: Added unfilterableExtensionPaths: 
TpTrace Verbose: 0 : 25480, 1, 2024/09/10, 15:34:56.742, 16868177042008, vstest.console.dll, TestPluginCache.DiscoverTestExtensions: Discovering the extensions using allExtensionPaths: C:\Program Files\dotnet\sdk\8.0.101\Extensions\Microsoft.Diagnostics.NETCore.Client.dll
C:\Program Files\dotnet\sdk\8.0.101\Extensions\Microsoft.TestPlatform.Extensions.BlameDataCollector.dll
C:\Program Files\dotnet\sdk\8.0.101\Extensions\Microsoft.TestPlatform.Extensions.EventLogCollector.dll
C:\Program Files\dotnet\sdk\8.0.101\Extensions\Microsoft.TestPlatform.TestHostRuntimeProvider.dll
C:\Program Files\dotnet\sdk\8.0.101\Extensions\Microsoft.VisualStudio.TestPlatform.Extensions.Html.TestLogger.dll
C:\Program Files\dotnet\sdk\8.0.101\Extensions\Microsoft.VisualStudio.TestPlatform.Extensions.Trx.TestLogger.dll
TpTrace Information: 0 : 25480, 1, 2024/09/10, 15:34:56.742, 16868177042523, vstest.console.dll, AssemblyResolver.AddSearchDirectories: Adding more searchDirectories C:\Program Files\dotnet\sdk\8.0.101\Extensions,C:\Program Files\dotnet\sdk\8.0.101
TpTrace Information: 0 : 25480, 1, 2024/09/10, 15:34:56.742, 16868177042950, vstest.console.dll, AssemblyResolver.AddSearchDirectories: Adding more searchDirectories C:\Program Files\dotnet\sdk\8.0.101\Extensions,C:\Program Files\dotnet\sdk\8.0.101
TpTrace Information: 0 : 25480, 1, 2024/09/10, 15:34:56.742, 16868177043316, vstest.console.dll, AssemblyResolver.AddSearchDirectories: Adding more searchDirectories C:\Program Files\dotnet\sdk\8.0.101\Extensions,C:\Program Files\dotnet\sdk\8.0.101
TpTrace Information: 0 : 25480, 1, 2024/09/10, 15:34:56.742, 16868177043669, vstest.console.dll, AssemblyResolver.AddSearchDirectories: Adding more searchDirectories C:\Program Files\dotnet\sdk\8.0.101\Extensions,C:\Program Files\dotnet\sdk\8.0.101
TpTrace Information: 0 : 25480, 1, 2024/09/10, 15:34:56.742, 16868177044076, vstest.console.dll, AssemblyResolver.AddSearchDirectories: Adding more searchDirectories C:\Program Files\dotnet\sdk\8.0.101\Extensions,C:\Program Files\dotnet\sdk\8.0.101
TpTrace Information: 0 : 25480, 1, 2024/09/10, 15:34:56.742, 16868177044449, vstest.console.dll, AssemblyResolver.AddSearchDirectories: Adding more searchDirectories C:\Program Files\dotnet\sdk\8.0.101\Extensions,C:\Program Files\dotnet\sdk\8.0.101
TpTrace Verbose: 0 : 25480, 1, 2024/09/10, 15:34:56.742, 16868177045434, vstest.console.dll, MetadataReaderExtensionsHelper: Discovering extensions inside assembly 'Microsoft.Diagnostics.NETCore.Client, Version=0.2.8.21101, Culture=neutral, PublicKeyToken=31bf3856ad364e35' file path 'C:\Program Files\dotnet\sdk\8.0.101\Extensions\Microsoft.Diagnostics.NETCore.Client.dll'
TpTrace Information: 0 : 25480, 1, 2024/09/10, 15:34:56.743, 16868177051926, vstest.console.dll, AssemblyResolver.OnResolve: Microsoft.Bcl.AsyncInterfaces: Resolving assembly.
TpTrace Information: 0 : 25480, 1, 2024/09/10, 15:34:56.743, 16868177052575, vstest.console.dll, AssemblyResolver.OnResolve: Microsoft.Bcl.AsyncInterfaces: Resolved from cache.
TpTrace Verbose: 0 : 25480, 1, 2024/09/10, 15:34:56.743, 16868177052975, vstest.console.dll, CurrentDomainAssemblyResolve: Resolving assembly 'Microsoft.Bcl.AsyncInterfaces'.
TpTrace Information: 0 : 25480, 1, 2024/09/10, 15:34:56.743, 16868177053498, vstest.console.dll, AssemblyResolver.OnResolve: Microsoft.Bcl.AsyncInterfaces: Resolving assembly.
TpTrace Information: 0 : 25480, 1, 2024/09/10, 15:34:56.743, 16868177053889, vstest.console.dll, AssemblyResolver.OnResolve: Microsoft.Bcl.AsyncInterfaces: Resolved from cache.
TpTrace Verbose: 0 : 25480, 1, 2024/09/10, 15:34:56.743, 16868177054279, vstest.console.dll, CurrentDomainAssemblyResolve: Resolving assembly 'Microsoft.Bcl.AsyncInterfaces'.
TpTrace Verbose: 0 : 25480, 1, 2024/09/10, 15:34:56.743, 16868177054633, vstest.console.dll, CurrentDomainAssemblyResolve: Failed to resolve assembly 'Microsoft.Bcl.AsyncInterfaces'.
TpTrace Verbose: 0 : 25480, 1, 2024/09/10, 15:34:56.744, 16868177055946, vstest.console.dll, CurrentDomainAssemblyResolve: Failed to resolve assembly 'Microsoft.Bcl.AsyncInterfaces'.
TpTrace Warning: 0 : 25480, 1, 2024/09/10, 15:34:56.744, 16868177059158, vstest.console.dll, TestPluginDiscoverer: Failed to get types from assembly 'Microsoft.Diagnostics.NETCore.Client, Version=0.2.8.21101, Culture=neutral, PublicKeyToken=31bf3856ad364e35'. Error: System.Reflection.ReflectionTypeLoadException: Unable to load one or more of the requested types.
Could not load file or assembly 'Microsoft.Bcl.AsyncInterfaces, Version=1.0.0.0, Culture=neutral, PublicKeyToken=cc7b13ffcd2ddd51'. The system cannot find the file specified.
   at System.Reflection.RuntimeModule.GetTypes(RuntimeModule module)
   at System.Reflection.RuntimeModule.GetTypes()
   at Microsoft.VisualStudio.TestPlatform.Common.ExtensionFramework.TestPluginDiscoverer.GetTestExtensionsFromAssembly[TPluginInfo,TExtension](Assembly assembly, Dictionary`2 pluginInfos, String filePath) in /_/src/Microsoft.TestPlatform.Common/ExtensionFramework/TestPluginDiscoverer.cs:line 158
System.IO.FileNotFoundException: Could not load file or assembly 'Microsoft.Bcl.AsyncInterfaces, Version=1.0.0.0, Culture=neutral, PublicKeyToken=cc7b13ffcd2ddd51'. The system cannot find the file specified.
File name: 'Microsoft.Bcl.AsyncInterfaces, Version=1.0.0.0, Culture=neutral, PublicKeyToken=cc7b13ffcd2ddd51'
 ---> System.IO.FileNotFoundException: Could not load file or assembly 'Microsoft.Bcl.AsyncInterfaces, Culture=neutral, PublicKeyToken=null'. The system cannot find the file specified.
File name: 'Microsoft.Bcl.AsyncInterfaces, Culture=neutral, PublicKeyToken=null'
   at System.Reflection.RuntimeAssembly.InternalLoad(AssemblyName assemblyName, StackCrawlMark& stackMark, AssemblyLoadContext assemblyLoadContext, RuntimeAssembly requestingAssembly, Boolean throwOnFileNotFound)
   at System.Reflection.Assembly.Load(AssemblyName assemblyRef)
   at Microsoft.VisualStudio.TestPlatform.Common.ExtensionFramework.TestPluginCache.CurrentDomainAssemblyResolve(Object sender, AssemblyResolveEventArgs args) in /_/src/Microsoft.TestPlatform.Common/ExtensionFramework/TestPluginCache.cs:line 513
   at System.Runtime.Loader.AssemblyLoadContext.GetFirstResolvedAssemblyFromResolvingEvent(AssemblyName assemblyName)
   at System.Runtime.Loader.AssemblyLoadContext.ResolveUsingEvent(AssemblyName assemblyName)
   at System.Runtime.Loader.AssemblyLoadContext.ResolveUsingResolvingEvent(IntPtr gchManagedAssemblyLoadContext, AssemblyName assemblyName)
TpTrace Warning: 0 : 25480, 1, 2024/09/10, 15:34:56.744, 16868177061159, vstest.console.dll, LoaderExceptions: System.IO.FileNotFoundException: Could not load file or assembly 'Microsoft.Bcl.AsyncInterfaces, Version=1.0.0.0, Culture=neutral, PublicKeyToken=cc7b13ffcd2ddd51'. The system cannot find the file specified.
File name: 'Microsoft.Bcl.AsyncInterfaces, Version=1.0.0.0, Culture=neutral, PublicKeyToken=cc7b13ffcd2ddd51'
 ---> System.IO.FileNotFoundException: Could not load file or assembly 'Microsoft.Bcl.AsyncInterfaces, Culture=neutral, PublicKeyToken=null'. The system cannot find the file specified.
File name: 'Microsoft.Bcl.AsyncInterfaces, Culture=neutral, PublicKeyToken=null'
   at System.Reflection.RuntimeAssembly.InternalLoad(AssemblyName assemblyName, StackCrawlMark& stackMark, AssemblyLoadContext assemblyLoadContext, RuntimeAssembly requestingAssembly, Boolean throwOnFileNotFound)
   at System.Reflection.Assembly.Load(AssemblyName assemblyRef)
   at Microsoft.VisualStudio.TestPlatform.Common.ExtensionFramework.TestPluginCache.CurrentDomainAssemblyResolve(Object sender, AssemblyResolveEventArgs args) in /_/src/Microsoft.TestPlatform.Common/ExtensionFramework/TestPluginCache.cs:line 513
   at System.Runtime.Loader.AssemblyLoadContext.GetFirstResolvedAssemblyFromResolvingEvent(AssemblyName assemblyName)
   at System.Runtime.Loader.AssemblyLoadContext.ResolveUsingEvent(AssemblyName assemblyName)
   at System.Runtime.Loader.AssemblyLoadContext.ResolveUsingResolvingEvent(IntPtr gchManagedAssemblyLoadContext, AssemblyName assemblyName)
TpTrace Verbose: 0 : 25480, 1, 2024/09/10, 15:34:56.744, 16868177062007, vstest.console.dll, MetadataReaderExtensionsHelper: Discovering extensions inside assembly 'Microsoft.TestPlatform.Extensions.BlameDataCollector, Version=15.0.0.0, Culture=neutral, PublicKeyToken=b03f5f7f11d50a3a' file path 'C:\Program Files\dotnet\sdk\8.0.101\Extensions\Microsoft.TestPlatform.Extensions.BlameDataCollector.dll'
TpTrace Information: 0 : 25480, 1, 2024/09/10, 15:34:56.745, 16868177066224, vstest.console.dll, GetTestExtensionFromType: Register extension with identifier data 'logger://Microsoft/TestPlatform/Extensions/Blame/v1' and type 'Microsoft.TestPlatform.Extensions.BlameDataCollector.BlameLogger, Microsoft.TestPlatform.Extensions.BlameDataCollector, Version=15.0.0.0, Culture=neutral, PublicKeyToken=b03f5f7f11d50a3a' inside file 'C:\Program Files\dotnet\sdk\8.0.101\Extensions\Microsoft.TestPlatform.Extensions.BlameDataCollector.dll'
TpTrace Verbose: 0 : 25480, 1, 2024/09/10, 15:34:56.745, 16868177066883, vstest.console.dll, MetadataReaderExtensionsHelper: Discovering extensions inside assembly 'Microsoft.TestPlatform.Extensions.EventLogCollector, Version=15.0.0.0, Culture=neutral, PublicKeyToken=b03f5f7f11d50a3a' file path 'C:\Program Files\dotnet\sdk\8.0.101\Extensions\Microsoft.TestPlatform.Extensions.EventLogCollector.dll'
TpTrace Verbose: 0 : 25480, 1, 2024/09/10, 15:34:56.745, 16868177069902, vstest.console.dll, MetadataReaderExtensionsHelper: Discovering extensions inside assembly 'Microsoft.TestPlatform.TestHostRuntimeProvider, Version=15.0.0.0, Culture=neutral, PublicKeyToken=b03f5f7f11d50a3a' file path 'C:\Program Files\dotnet\sdk\8.0.101\Extensions\Microsoft.TestPlatform.TestHostRuntimeProvider.dll'
TpTrace Verbose: 0 : 25480, 1, 2024/09/10, 15:34:56.745, 16868177073151, vstest.console.dll, MetadataReaderExtensionsHelper: Discovering extensions inside assembly 'Microsoft.VisualStudio.TestPlatform.Extensions.Html.TestLogger, Version=15.0.0.0, Culture=neutral, PublicKeyToken=b03f5f7f11d50a3a' file path 'C:\Program Files\dotnet\sdk\8.0.101\Extensions\Microsoft.VisualStudio.TestPlatform.Extensions.Html.TestLogger.dll'
TpTrace Information: 0 : 25480, 1, 2024/09/10, 15:34:56.746, 16868177078075, vstest.console.dll, GetTestExtensionFromType: Register extension with identifier data 'logger://Microsoft/TestPlatform/HtmlLogger/v1' and type 'Microsoft.VisualStudio.TestPlatform.Extensions.HtmlLogger.HtmlLogger, Microsoft.VisualStudio.TestPlatform.Extensions.Html.TestLogger, Version=15.0.0.0, Culture=neutral, PublicKeyToken=b03f5f7f11d50a3a' inside file 'C:\Program Files\dotnet\sdk\8.0.101\Extensions\Microsoft.VisualStudio.TestPlatform.Extensions.Html.TestLogger.dll'
TpTrace Verbose: 0 : 25480, 1, 2024/09/10, 15:34:56.746, 16868177078783, vstest.console.dll, MetadataReaderExtensionsHelper: Discovering extensions inside assembly 'Microsoft.VisualStudio.TestPlatform.Extensions.Trx.TestLogger, Version=15.0.0.0, Culture=neutral, PublicKeyToken=b03f5f7f11d50a3a' file path 'C:\Program Files\dotnet\sdk\8.0.101\Extensions\Microsoft.VisualStudio.TestPlatform.Extensions.Trx.TestLogger.dll'
TpTrace Information: 0 : 25480, 1, 2024/09/10, 15:34:56.746, 16868177082547, vstest.console.dll, GetTestExtensionFromType: Register extension with identifier data 'logger://Microsoft/TestPlatform/TrxLogger/v1' and type 'Microsoft.VisualStudio.TestPlatform.Extensions.TrxLogger.TrxLogger, Microsoft.VisualStudio.TestPlatform.Extensions.Trx.TestLogger, Version=15.0.0.0, Culture=neutral, PublicKeyToken=b03f5f7f11d50a3a' inside file 'C:\Program Files\dotnet\sdk\8.0.101\Extensions\Microsoft.VisualStudio.TestPlatform.Extensions.Trx.TestLogger.dll'
TpTrace Verbose: 0 : 25480, 1, 2024/09/10, 15:34:56.746, 16868177083275, vstest.console.dll, TestPluginCache: Discovered the extensions using extension path ''.
TpTrace Verbose: 0 : 25480, 1, 2024/09/10, 15:34:56.746, 16868177083702, vstest.console.dll, TestPluginCache: Discoverers are ''.
TpTrace Verbose: 0 : 25480, 1, 2024/09/10, 15:34:56.746, 16868177084016, vstest.console.dll, TestPluginCache: Executors are ''.
TpTrace Verbose: 0 : 25480, 1, 2024/09/10, 15:34:56.746, 16868177084340, vstest.console.dll, TestPluginCache: Executors2 are ''.
TpTrace Verbose: 0 : 25480, 1, 2024/09/10, 15:34:56.746, 16868177084656, vstest.console.dll, TestPluginCache: Setting providers are ''.
TpTrace Verbose: 0 : 25480, 1, 2024/09/10, 15:34:56.746, 16868177085289, vstest.console.dll, TestPluginCache: Loggers are 'logger://Microsoft/TestPlatform/Extensions/Blame/v1,logger://Microsoft/TestPlatform/HtmlLogger/v1,logger://Microsoft/TestPlatform/TrxLogger/v1'.
TpTrace Verbose: 0 : 25480, 1, 2024/09/10, 15:34:56.746, 16868177085720, vstest.console.dll, TestPluginCache: TestHosts are 'HostProvider://DefaultTestHost,HostProvider://DotnetTestHost'.
TpTrace Verbose: 0 : 25480, 1, 2024/09/10, 15:34:56.747, 16868177086079, vstest.console.dll, TestPluginCache: DataCollectors are ''.
TpTrace Information: 0 : 25480, 1, 2024/09/10, 15:34:56.747, 16868177093267, vstest.console.dll, TestPluginManager.CreateTestExtension: Attempting to load test extension: Microsoft.TestPlatform.Extensions.BlameDataCollector.BlameLogger
TpTrace Verbose: 0 : 25480, 1, 2024/09/10, 15:34:56.758, 16868177204851, vstest.console.dll, TestEngine: Initializing Parallel Execution as MaxCpuCount is set to: 1
TpTrace Information: 0 : 25480, 1, 2024/09/10, 15:34:56.760, 16868177218587, vstest.console.dll, TestPluginManager.CreateTestExtension: Attempting to load test extension: Microsoft.VisualStudio.TestPlatform.CrossPlatEngine.Hosting.DefaultTestHostManager
TpTrace Information: 0 : 25480, 1, 2024/09/10, 15:34:56.761, 16868177230942, vstest.console.dll, TestPluginManager.CreateTestExtension: Attempting to load test extension: Microsoft.VisualStudio.TestPlatform.CrossPlatEngine.Hosting.DotnetTestHostManager
TpTrace Information: 0 : 25480, 1, 2024/09/10, 15:34:56.762, 16868177236159, vstest.console.dll, InferRunSettingsHelper.IsTestSettingsEnabled: Unable to navigate to RunSettings/MSTest. Current node: RunSettings
TpTrace Verbose: 0 : 25480, 1, 2024/09/10, 15:34:56.762, 16868177241027, vstest.console.dll, ParallelOperationManager.ClearSlots: Clearing all slots. Slots should accept more work: True
TpTrace Verbose: 0 : 25480, 1, 2024/09/10, 15:34:56.763, 16868177247204, vstest.console.dll, ParallelOperationManager.SetOccupiedSlotCount: Setting slot counts AvailableSlotCount = 1, OccupiedSlotCount = 0.
TpTrace Verbose: 0 : 25480, 1, 2024/09/10, 15:34:56.763, 16868177250823, vstest.console.dll, Occupied slots:

TpTrace Verbose: 0 : 25480, 1, 2024/09/10, 15:34:56.766, 16868177284570, vstest.console.dll, TestEngine.GetExecutionManager: Chosen execution manager 'Microsoft.VisualStudio.TestPlatform.CrossPlatEngine.Client.Parallel.ParallelProxyExecutionManager, Microsoft.TestPlatform.CrossPlatEngine, Version=15.0.0.0, Culture=neutral, PublicKeyToken=b03f5f7f11d50a3a' ParallelLevel '1'.
TpTrace Verbose: 0 : 25480, 1, 2024/09/10, 15:34:56.766, 16868177285724, vstest.console.dll, TestRunRequest.ExecuteAsync: Creating test run request.
TpTrace Verbose: 0 : 25480, 1, 2024/09/10, 15:34:56.767, 16868177287797, vstest.console.dll, TestRunRequest.ExecuteAsync: Starting.
TpTrace Information: 0 : 25480, 1, 2024/09/10, 15:34:56.768, 16868177299137, vstest.console.dll, TestRunRequest.ExecuteAsync: Starting run with settings:TestRunCriteria:
   KeepAlive=False,FrequencyOfRunStatsChangeEvent=10,RunStatsChangeEventTimeout=00:00:01.5000000,TestCaseFilter=,TestExecutorLauncher=
   Settingsxml=<RunSettings>
  <RunConfiguration>
    <ResultsDirectory>C:\Users\jrowen\source\repos\construx-class-work\PlayerTracker\PlayerTracker.UnitTests\bin\Debug\net8.0\fine-code-coverage\coverage-tool-output</ResultsDirectory>
    <TargetPlatform>X64</TargetPlatform>
    <TargetFrameworkVersion>.NETCoreApp,Version=v8.0</TargetFrameworkVersion>
    <DesignMode>False</DesignMode>
    <CollectSourceInformation>False</CollectSourceInformation>
  </RunConfiguration>
  <LoggerRunSettings>
    <Loggers>
      <Logger friendlyName="blame" enabled="True" />
      <Logger friendlyName="Console" uri="logger://microsoft/TestPlatform/ConsoleLogger/v1" assemblyQualifiedName="Microsoft.VisualStudio.TestPlatform.CommandLine.Internal.ConsoleLogger, vstest.console, Version=15.0.0.0, Culture=neutral, PublicKeyToken=b03f5f7f11d50a3a" codeBase="C:\Program Files\dotnet\sdk\8.0.101\vstest.console.dll" enabled="True" />
    </Loggers>
  </LoggerRunSettings>
  <DataCollectionRunSettings>
    <DataCollectors>
      <DataCollector friendlyName="blame" enabled="True">
        <Configuration>
          <ResultsDirectory>C:\Users\jrowen\source\repos\construx-class-work\PlayerTracker\PlayerTracker.UnitTests\bin\Debug\net8.0\fine-code-coverage\coverage-tool-output</ResultsDirectory>
        </Configuration>
      </DataCollector>
    </DataCollectors>
  </DataCollectionRunSettings>
</RunSettings>

TpTrace Verbose: 0 : 25480, 1, 2024/09/10, 15:34:56.768, 16868177299824, vstest.console.dll, TestRunRequest.ExecuteAsync: Wait for the first run request is over.
TpTrace Verbose: 0 : 25480, 1, 2024/09/10, 15:34:56.768, 16868177303047, vstest.console.dll, MulticastDelegateUtilities.SafeInvoke: TestRun.TestRunStart: Invoking callbacks was skipped because there are no subscribers.
TpTrace Verbose: 0 : 25480, 4, 2024/09/10, 15:34:56.768, 16868177304861, vstest.console.dll, MulticastDelegateUtilities.SafeInvoke: InternalTestLoggerEvents.SendTestRunStart: Invoking callback 1/1 for Microsoft.VisualStudio.TestPlatform.CommandLine.Internal.ConsoleLogger., took 0 ms.
TpTrace Verbose: 0 : 25480, 1, 2024/09/10, 15:34:56.769, 16868177312432, vstest.console.dll, ParallelProxyExecutionManager: Start execution. Total sources: 1
TpTrace Verbose: 0 : 25480, 1, 2024/09/10, 15:34:56.769, 16868177315741, vstest.console.dll, ParallelOperationManager.StartWork: Starting adding 1 workloads.
TpTrace Verbose: 0 : 25480, 1, 2024/09/10, 15:34:56.770, 16868177316511, vstest.console.dll, ParallelOperationManager.ClearSlots: Clearing all slots. Slots should accept more work: True
TpTrace Verbose: 0 : 25480, 1, 2024/09/10, 15:34:56.770, 16868177317276, vstest.console.dll, ParallelOperationManager.SetOccupiedSlotCount: Setting slot counts AvailableSlotCount = 1, OccupiedSlotCount = 0.
TpTrace Verbose: 0 : 25480, 1, 2024/09/10, 15:34:56.770, 16868177317726, vstest.console.dll, Occupied slots:

TpTrace Verbose: 0 : 25480, 1, 2024/09/10, 15:34:56.771, 16868177330753, vstest.console.dll, TestRequestSender is acting as server.
TpTrace Verbose: 0 : 25480, 1, 2024/09/10, 15:34:56.772, 16868177340895, vstest.console.dll, ParallelOperationManager.RunWorkInParallel: Adding 1 workload to slot, remaining workloads 0.
TpTrace Verbose: 0 : 25480, 1, 2024/09/10, 15:34:56.772, 16868177341641, vstest.console.dll, ParallelOperationManager.SetOccupiedSlotCount: Setting slot counts AvailableSlotCount = 0, OccupiedSlotCount = 1.
TpTrace Verbose: 0 : 25480, 1, 2024/09/10, 15:34:56.772, 16868177342981, vstest.console.dll, Occupied slots:
0: C:\Users\jrowen\source\repos\construx-class-work\PlayerTracker\PlayerTracker.UnitTests\bin\Debug\net8.0\fine-code-coverage\build-output\PlayerTracker.UnitTests.dll
TpTrace Verbose: 0 : 25480, 1, 2024/09/10, 15:34:56.773, 16868177353041, vstest.console.dll, ParallelOperationManager.RunWorkInParallel: Started host in slot number 0 for work (source): C:\Users\jrowen\source\repos\construx-class-work\PlayerTracker\PlayerTracker.UnitTests\bin\Debug\net8.0\fine-code-coverage\build-output\PlayerTracker.UnitTests.dll.
TpTrace Verbose: 0 : 25480, 1, 2024/09/10, 15:34:56.774, 16868177361134, vstest.console.dll, ParallelOperationManager.RunWorkInParallel: We started 1 work items, which is the max parallel level. Won't start more work.
TpTrace Verbose: 0 : 25480, 1, 2024/09/10, 15:34:56.774, 16868177361834, vstest.console.dll, ParallelOperationManager.RunWorkInParallel: We started 1 work items in here, returning True.
TpTrace Information: 0 : 25480, 1, 2024/09/10, 15:34:56.774, 16868177362325, vstest.console.dll, TestRunRequest.ExecuteAsync: Started.
TpTrace Verbose: 0 : 25480, 5, 2024/09/10, 15:34:56.774, 16868177363027, vstest.console.dll, ParallelProxyExecutionManager.StartTestRunOnConcurrentManager: Initializing uninitialized client. Started clients: 0
TpTrace Verbose: 0 : 25480, 5, 2024/09/10, 15:34:56.774, 16868177364477, vstest.console.dll, DataCollectionRequestSender.InitializeCommunication : Initialize communication. 
TpTrace Verbose: 0 : 25480, 1, 2024/09/10, 15:34:56.775, 16868177367915, vstest.console.dll, TestRunRequest.WaitForCompletion: Waiting with timeout -1.
TpTrace Information: 0 : 25480, 5, 2024/09/10, 15:34:56.783, 16868177454776, vstest.console.dll, Listening on Endpoint : 127.0.0.1:54492
TpTrace Verbose: 0 : 25480, 5, 2024/09/10, 15:34:56.789, 16868177512747, vstest.console.dll, DotnetDataCollectionLauncher: Adding  --runtimeconfig "C:\Program Files\dotnet\sdk\8.0.101\datacollector.runtimeconfig.json" in args
TpTrace Verbose: 0 : 25480, 5, 2024/09/10, 15:34:56.789, 16868177514449, vstest.console.dll, DotnetDataCollectionLauncher: Adding  --depsfile "C:\Program Files\dotnet\sdk\8.0.101\datacollector.deps.json" in args
TpTrace Verbose: 0 : 25480, 5, 2024/09/10, 15:34:56.790, 16868177516055, vstest.console.dll, DotnetDataCollectionLauncher: Full path of dotnet.exe is C:\Program Files\dotnet\dotnet.exe
TpTrace Information: 0 : 25480, 5, 2024/09/10, 15:34:56.831, 16868177932240, vstest.console.dll, ProxyDataCollectionManager.Initialize: Launched datacollector processId: 8596 port: 54492
TpTrace Information: 0 : 25480, 5, 2024/09/10, 15:34:56.831, 16868177933631, vstest.console.dll, ProxyDataCollectionManager.Initialize: waiting for connection with timeout: 90 seconds
TpTrace Verbose: 0 : 25480, 5, 2024/09/10, 15:34:56.831, 16868177934254, vstest.console.dll, DataCollectionRequestSender.WaitForRequestHandlerConnection : Waiting for connection with timeout: 90000
TpTrace Information: 0 : 25480, 7, 2024/09/10, 15:34:57.058, 16868180201215, vstest.console.dll, Using the buffer size of 16384 bytes
TpTrace Verbose: 0 : 25480, 5, 2024/09/10, 15:34:57.058, 16868180201335, vstest.console.dll, SocketCommunicationManager.WaitForClientConnection took: 226 ms, with 90000 ms timeout, and finished with True.
TpTrace Information: 0 : 25480, 7, 2024/09/10, 15:34:57.058, 16868180202580, vstest.console.dll, Accepted Client request and set the flag
TpTrace Verbose: 0 : 25480, 5, 2024/09/10, 15:34:57.058, 16868180203778, vstest.console.dll, ProxyDataCollectionManager.InvokeDataCollectionServiceAction: Starting.
TpTrace Information: 0 : 25480, 5, 2024/09/10, 15:34:57.058, 16868180204661, vstest.console.dll, ProxyDataCollectionManager.BeforeTestRunStart: Get environment variable and port for datacollector processId: 8596 port: 54492
TpTrace Verbose: 0 : 25480, 5, 2024/09/10, 15:34:57.059, 16868180206042, vstest.console.dll, DataCollectionRequestSender.SendBeforeTestRunStartAndGetResult: Send BeforeTestRunStart message with settingsXml <RunSettings><RunConfiguration><ResultsDirectory>C:\Users\jrowen\source\repos\construx-class-work\PlayerTracker\PlayerTracker.UnitTests\bin\Debug\net8.0\fine-code-coverage\coverage-tool-output</ResultsDirectory><TargetPlatform>X64</TargetPlatform><TargetFrameworkVersion>.NETCoreApp,Version=v8.0</TargetFrameworkVersion><DesignMode>False</DesignMode><CollectSourceInformation>False</CollectSourceInformation><TestAdaptersPaths>C:\Program Files\dotnet\sdk\8.0.101\Extensions</TestAdaptersPaths></RunConfiguration><LoggerRunSettings><Loggers><Logger friendlyName="blame" enabled="True" /><Logger friendlyName="Console" uri="logger://microsoft/TestPlatform/ConsoleLogger/v1" assemblyQualifiedName="Microsoft.VisualStudio.TestPlatform.CommandLine.Internal.ConsoleLogger, vstest.console, Version=15.0.0.0, Culture=neutral, PublicKeyToken=b03f5f7f11d50a3a" codeBase="C:\Program Files\dotnet\sdk\8.0.101\vstest.console.dll" enabled="True" /></Loggers></LoggerRunSettings><DataCollectionRunSettings><DataCollectors><DataCollector friendlyName="blame" enabled="True"><Configuration><ResultsDirectory>C:\Users\jrowen\source\repos\construx-class-work\PlayerTracker\PlayerTracker.UnitTests\bin\Debug\net8.0\fine-code-coverage\coverage-tool-output</ResultsDirectory></Configuration></DataCollector></DataCollectors></DataCollectionRunSettings></RunSettings> and sources System.Collections.Generic.List`1[System.String]: 
TpTrace Verbose: 0 : 25480, 5, 2024/09/10, 15:34:57.118, 16868180798940, vstest.console.dll, DataCollectionRequestSender.SendBeforeTestRunStartAndGetResult: Received message: (DataCollection.SendMessage) -> {"MessageType":"DataCollection.SendMessage","Payload":{"FriendlyName":null,"Uri":null,"TestCaseId":"00000000-0000-0000-0000-000000000000","Message":"Logging DataCollector Diagnostics in file: C:\\Users\\jrowen\\source\\repos\\construx-class-work\\PlayerTracker\\PlayerTracker.UnitTests\\bin\\Debug\\net8.0\\fine-code-coverage\\coverage-tool-output\\diagnostics.datacollector.24-09-10_15-34-56_78936_5.log","Level":0}}
TpTrace Verbose: 0 : 25480, 5, 2024/09/10, 15:34:57.207, 16868181690113, vstest.console.dll, DataCollectionRequestSender.SendBeforeTestRunStartAndGetResult: Received message: (DataCollection.BeforeTestRunStartResult) -> {"MessageType":"DataCollection.BeforeTestRunStartResult","Payload":{"EnvironmentVariables":{},"DataCollectionEventsPort":54494}}
TpTrace Information: 0 : 25480, 5, 2024/09/10, 15:34:57.211, 16868181732180, vstest.console.dll, ProxyDataCollectionManager.BeforeTestRunStart: SendBeforeTestRunStartAndGetResult successful, env variable from datacollector:   and testhost port: 54494
TpTrace Information: 0 : 25480, 5, 2024/09/10, 15:34:57.211, 16868181733011, vstest.console.dll, ProxyDataCollectionManager.InvokeDataCollectionServiceAction: Completed.
TpTrace Verbose: 0 : 25480, 5, 2024/09/10, 15:34:57.211, 16868181733527, vstest.console.dll, ParallelProxyExecutionManager.StartTestRunOnConcurrentManager: Initializing test run. Started clients: 0
TpTrace Verbose: 0 : 25480, 5, 2024/09/10, 15:34:57.211, 16868181734419, vstest.console.dll, ProxyExecutionManager: Test host is always Lazy initialize.
TpTrace Verbose: 0 : 25480, 5, 2024/09/10, 15:34:57.212, 16868181736911, vstest.console.dll, TestRequestSender.InitializeCommunication: initialize communication. 
TpTrace Information: 0 : 25480, 5, 2024/09/10, 15:34:57.212, 16868181741727, vstest.console.dll, SocketServer.Start: Listening on endpoint : 127.0.0.1:54495
TpTrace Verbose: 0 : 25480, 5, 2024/09/10, 15:34:57.213, 16868181748610, vstest.console.dll, DotnetTestHostmanager.GetTestHostProcessStartInfo: Platform environment 'X64' target architecture 'X64' framework '.NETCoreApp,Version=v8.0' OS 'Windows'
TpTrace Verbose: 0 : 25480, 5, 2024/09/10, 15:34:57.213, 16868181751348, vstest.console.dll, DotnetTestHostmanager: Adding  --runtimeconfig "C:\Users\jrowen\source\repos\construx-class-work\PlayerTracker\PlayerTracker.UnitTests\bin\Debug\net8.0\fine-code-coverage\build-output\PlayerTracker.UnitTests.runtimeconfig.json" in args
TpTrace Verbose: 0 : 25480, 5, 2024/09/10, 15:34:57.213, 16868181752745, vstest.console.dll, DotnetTestHostmanager: Adding  --depsfile "C:\Users\jrowen\source\repos\construx-class-work\PlayerTracker\PlayerTracker.UnitTests\bin\Debug\net8.0\fine-code-coverage\build-output\PlayerTracker.UnitTests.deps.json" in args
TpTrace Verbose: 0 : 25480, 5, 2024/09/10, 15:34:57.213, 16868181754609, vstest.console.dll, DotnetTestHostmanager.IsWinOnArm: Current PROCESSOR_ARCHITECTURE from environment variable 'AMD64'
TpTrace Verbose: 0 : 25480, 5, 2024/09/10, 15:34:57.213, 16868181755348, vstest.console.dll, DotnetTestHostmanager.IsWinOnArm: Is Windows on ARM 'False'
TpTrace Verbose: 0 : 25480, 5, 2024/09/10, 15:34:57.214, 16868181756637, vstest.console.dll, DotnetTestHostManager: testhost.exe found at path: C:\Users\jrowen\source\repos\construx-class-work\PlayerTracker\PlayerTracker.UnitTests\bin\Debug\net8.0\fine-code-coverage\build-output\testhost.exe
TpTrace Verbose: 0 : 25480, 5, 2024/09/10, 15:34:57.214, 16868181757273, vstest.console.dll, DotnetTestHostmanager: Full path of host exe is C:\Users\jrowen\source\repos\construx-class-work\PlayerTracker\PlayerTracker.UnitTests\bin\Debug\net8.0\fine-code-coverage\build-output\testhost.exe
TpTrace Verbose: 0 : 25480, 5, 2024/09/10, 15:34:57.214, 16868181758606, vstest.console.dll, DotnetTestHostmanager.LaunchTestHostAsync: Found 'VSTEST_WINAPPHOST_DOTNET_ROOT' in env variables, value 'C:\Program Files\dotnet', forwarding to 'DOTNET_ROOT'
TpTrace Verbose: 0 : 25480, 5, 2024/09/10, 15:34:57.214, 16868181760071, vstest.console.dll, DotnetTestHostManager: Starting process 'C:\Users\jrowen\source\repos\construx-class-work\PlayerTracker\PlayerTracker.UnitTests\bin\Debug\net8.0\fine-code-coverage\build-output\testhost.exe' with command line ' --runtimeconfig "C:\Users\jrowen\source\repos\construx-class-work\PlayerTracker\PlayerTracker.UnitTests\bin\Debug\net8.0\fine-code-coverage\build-output\PlayerTracker.UnitTests.runtimeconfig.json" --depsfile "C:\Users\jrowen\source\repos\construx-class-work\PlayerTracker\PlayerTracker.UnitTests\bin\Debug\net8.0\fine-code-coverage\build-output\PlayerTracker.UnitTests.deps.json" --port 54495 --endpoint 127.0.0.1:054495 --role client --parentprocessid 25480 --diag "C:\Users\jrowen\source\repos\construx-class-work\PlayerTracker\PlayerTracker.UnitTests\bin\Debug\net8.0\fine-code-coverage\coverage-tool-output\diagnostics.host.24-09-10_15-34-57_21293_5.log" --tracelevel 4 --datacollectionport 54494 --telemetryoptedin false'
TpTrace Verbose: 0 : 25480, 5, 2024/09/10, 15:34:57.253, 16868182146683, vstest.console.dll, MulticastDelegateUtilities.SafeInvoke: HostProviderEvents.OnHostLaunched: Invoking callback 1/2 for Microsoft.VisualStudio.TestPlatform.CrossPlatEngine.Client.ProxyExecutionManagerWithDataCollection., took 0 ms.
TpTrace Verbose: 0 : 25480, 5, 2024/09/10, 15:34:57.253, 16868182150506, vstest.console.dll, Test Runtime launched
TpTrace Verbose: 0 : 25480, 5, 2024/09/10, 15:34:57.253, 16868182151714, vstest.console.dll, MulticastDelegateUtilities.SafeInvoke: HostProviderEvents.OnHostLaunched: Invoking callback 2/2 for Microsoft.VisualStudio.TestPlatform.CrossPlatEngine.Client.ProxyOperationManager., took 0 ms.
TpTrace Verbose: 0 : 25480, 5, 2024/09/10, 15:34:57.253, 16868182153459, vstest.console.dll, TestRequestSender.WaitForRequestHandlerConnection: waiting for connection with timeout: 90000.
TpTrace Verbose: 0 : 25480, 5, 2024/09/10, 15:34:57.483, 16868184454506, vstest.console.dll, TestRequestSender.WaitForRequestHandlerConnection: waiting took 230 ms, with timeout 90000 ms, and result 0, which is success.
TpTrace Verbose: 0 : 25480, 7, 2024/09/10, 15:34:57.483, 16868184454507, vstest.console.dll, MulticastDelegateUtilities.SafeInvoke: SocketServer: ClientConnected: Invoking callback 1/1 for Microsoft.VisualStudio.TestPlatform.CommunicationUtilities.TestRequestSender., took 0 ms.
TpTrace Verbose: 0 : 25480, 7, 2024/09/10, 15:34:57.484, 16868184456659, vstest.console.dll, SocketServer.OnClientConnected: Client connected for endPoint: 127.0.0.1:54495, starting MessageLoopAsync:
TpTrace Verbose: 0 : 25480, 13, 2024/09/10, 15:34:57.484, 16868184463120, vstest.console.dll, TcpClientExtensions.MessageLoopAsync: Polling on remoteEndPoint: 127.0.0.1:54496 localEndPoint: 127.0.0.1:54495
TpTrace Verbose: 0 : 25480, 5, 2024/09/10, 15:34:57.484, 16868184464439, vstest.console.dll, TestRequestSender.CheckVersionWithTestHost: Sending check version message: {"MessageType":"ProtocolVersion","Payload":7}
TpTrace Verbose: 0 : 25480, 13, 2024/09/10, 15:34:57.598, 16868185604677, vstest.console.dll, TcpClientExtensions.MessageLoopAsync: NotifyDataAvailable remoteEndPoint: 127.0.0.1:54496 localEndPoint: 127.0.0.1:54495
TpTrace Verbose: 0 : 25480, 13, 2024/09/10, 15:34:57.599, 16868185606844, vstest.console.dll, TestRequestSender.CheckVersionWithTestHost: onMessageReceived received message: (ProtocolVersion) -> {"MessageType":"ProtocolVersion","Payload":7}
TpTrace Verbose: 0 : 25480, 13, 2024/09/10, 15:34:57.599, 16868185612070, vstest.console.dll, MulticastDelegateUtilities.SafeInvoke: LengthPrefixCommunicationChannel: MessageReceived: Invoking callback 1/1 for Microsoft.VisualStudio.TestPlatform.CommunicationUtilities.TestRequestSender+<>c__DisplayClass29_0., took 0 ms.
TpTrace Verbose: 0 : 25480, 5, 2024/09/10, 15:34:57.599, 16868185612820, vstest.console.dll, TestPluginCache.GetExtensionPaths: Filtered extension paths: 
TpTrace Verbose: 0 : 25480, 13, 2024/09/10, 15:34:57.599, 16868185612912, vstest.console.dll, TcpClientExtensions.MessageLoopAsync: Polling on remoteEndPoint: 127.0.0.1:54496 localEndPoint: 127.0.0.1:54495
TpTrace Verbose: 0 : 25480, 5, 2024/09/10, 15:34:57.599, 16868185614303, vstest.console.dll, TestPluginCache.GetExtensionPaths: Added default extension paths: C:\Program Files\dotnet\sdk\8.0.101\Extensions\Microsoft.Diagnostics.NETCore.Client.dll
C:\Program Files\dotnet\sdk\8.0.101\Extensions\Microsoft.TestPlatform.Extensions.BlameDataCollector.dll
C:\Program Files\dotnet\sdk\8.0.101\Extensions\Microsoft.TestPlatform.Extensions.EventLogCollector.dll
C:\Program Files\dotnet\sdk\8.0.101\Extensions\Microsoft.TestPlatform.TestHostRuntimeProvider.dll
C:\Program Files\dotnet\sdk\8.0.101\Extensions\Microsoft.VisualStudio.TestPlatform.Extensions.Html.TestLogger.dll
C:\Program Files\dotnet\sdk\8.0.101\Extensions\Microsoft.VisualStudio.TestPlatform.Extensions.Trx.TestLogger.dll
TpTrace Verbose: 0 : 25480, 5, 2024/09/10, 15:34:57.599, 16868185614982, vstest.console.dll, TestPluginCache.GetExtensionPaths: Added unfilterableExtensionPaths: 
TpTrace Verbose: 0 : 25480, 5, 2024/09/10, 15:34:57.602, 16868185640785, vstest.console.dll, TestRequestSender.InitializeExecution: Sending initialize execution with message: {"Version":7,"MessageType":"TestExecution.Initialize","Payload":["C:\\Users\\jrowen\\source\\repos\\construx-class-work\\PlayerTracker\\PlayerTracker.UnitTests\\bin\\Debug\\net8.0\\fine-code-coverage\\build-output\\xunit.runner.visualstudio.dotnetcore.testadapter.dll"]}
TpTrace Verbose: 0 : 25480, 5, 2024/09/10, 15:34:57.602, 16868185642601, vstest.console.dll, ParallelProxyExecutionManager.StartTestRunOnConcurrentManager: Execution starting. Started clients: 1
TpTrace Verbose: 0 : 25480, 5, 2024/09/10, 15:34:57.602, 16868185644898, vstest.console.dll, TestRunRequest:SendTestRunMessage: Starting.
TpTrace Verbose: 0 : 25480, 5, 2024/09/10, 15:34:57.603, 16868185646399, vstest.console.dll, MulticastDelegateUtilities.SafeInvoke: TestRun.LogMessages: Invoking callback 1/1 for Microsoft.VisualStudio.TestPlatform.CommandLine.TestRunResultAggregator., took 0 ms.
TpTrace Information: 0 : 25480, 5, 2024/09/10, 15:34:57.603, 16868185646962, vstest.console.dll, TestRunRequest:SendTestRunMessage: Completed.
TpTrace Verbose: 0 : 25480, 4, 2024/09/10, 15:34:57.603, 16868185647991, vstest.console.dll, MulticastDelegateUtilities.SafeInvoke: InternalTestLoggerEvents.SendTestRunMessage: Invoking callback 1/1 for Microsoft.VisualStudio.TestPlatform.CommandLine.Internal.ConsoleLogger., took 0 ms.
TpTrace Warning: 0 : 25480, 5, 2024/09/10, 15:34:57.603, 16868185650244, vstest.console.dll, InferRunSettingsHelper.MakeRunsettingsCompatible: Removing the following settings: TargetPlatform from RunSettings file. To use those settings please move to latest version of Microsoft.NET.Test.Sdk
TpTrace Verbose: 0 : 25480, 13, 2024/09/10, 15:34:57.604, 16868185656467, vstest.console.dll, TcpClientExtensions.MessageLoopAsync: NotifyDataAvailable remoteEndPoint: 127.0.0.1:54496 localEndPoint: 127.0.0.1:54495
TpTrace Verbose: 0 : 25480, 13, 2024/09/10, 15:34:57.604, 16868185660699, vstest.console.dll, TestRequestSender.OnExecutionMessageReceived: Received message: {"Version":7,"MessageType":"TestSession.Message","Payload":{"MessageLevel":0,"Message":"Logging TestHost Diagnostics in file: C:\\Users\\jrowen\\source\\repos\\construx-class-work\\PlayerTracker\\PlayerTracker.UnitTests\\bin\\Debug\\net8.0\\fine-code-coverage\\coverage-tool-output\\diagnostics.host.24-09-10_15-34-57_21293_5.log"}}
TpTrace Verbose: 0 : 25480, 13, 2024/09/10, 15:34:57.607, 16868185686569, vstest.console.dll, TestRunRequest:SendTestRunMessage: Starting.
TpTrace Verbose: 0 : 25480, 13, 2024/09/10, 15:34:57.607, 16868185688297, vstest.console.dll, MulticastDelegateUtilities.SafeInvoke: TestRun.LogMessages: Invoking callback 1/1 for Microsoft.VisualStudio.TestPlatform.CommandLine.TestRunResultAggregator., took 0 ms.
TpTrace Verbose: 0 : 25480, 4, 2024/09/10, 15:34:57.607, 16868185688465, vstest.console.dll, MulticastDelegateUtilities.SafeInvoke: InternalTestLoggerEvents.SendTestRunMessage: Invoking callback 1/1 for Microsoft.VisualStudio.TestPlatform.CommandLine.Internal.ConsoleLogger., took 0 ms.
TpTrace Information: 0 : 25480, 13, 2024/09/10, 15:34:57.607, 16868185688882, vstest.console.dll, TestRunRequest:SendTestRunMessage: Completed.
TpTrace Verbose: 0 : 25480, 13, 2024/09/10, 15:34:57.607, 16868185690423, vstest.console.dll, MulticastDelegateUtilities.SafeInvoke: LengthPrefixCommunicationChannel: MessageReceived: Invoking callback 1/1 for Microsoft.VisualStudio.TestPlatform.CommunicationUtilities.TestRequestSender+<>c__DisplayClass34_0., took 3 ms.
TpTrace Verbose: 0 : 25480, 13, 2024/09/10, 15:34:57.607, 16868185690922, vstest.console.dll, TcpClientExtensions.MessageLoopAsync: Polling on remoteEndPoint: 127.0.0.1:54496 localEndPoint: 127.0.0.1:54495
TpTrace Verbose: 0 : 25480, 5, 2024/09/10, 15:34:57.609, 16868185711192, vstest.console.dll, TestRequestSender.StartTestRun: Sending test run with message: {"Version":7,"MessageType":"TestExecution.StartWithSources","Payload":{"AdapterSourceMap":{"_none_":["C:\\Users\\jrowen\\source\\repos\\construx-class-work\\PlayerTracker\\PlayerTracker.UnitTests\\bin\\Debug\\net8.0\\fine-code-coverage\\build-output\\PlayerTracker.UnitTests.dll"]},"RunSettings":"<RunSettings>\r\n  <RunConfiguration>\r\n    <ResultsDirectory>C:\\Users\\jrowen\\source\\repos\\construx-class-work\\PlayerTracker\\PlayerTracker.UnitTests\\bin\\Debug\\net8.0\\fine-code-coverage\\coverage-tool-output</ResultsDirectory>\r\n    <TargetFrameworkVersion>.NETCoreApp,Version=v8.0</TargetFrameworkVersion>\r\n    <DesignMode>False</DesignMode>\r\n    <CollectSourceInformation>False</CollectSourceInformation>\r\n  </RunConfiguration>\r\n  <LoggerRunSettings>\r\n    <Loggers>\r\n      <Logger friendlyName=\"blame\" enabled=\"True\" />\r\n      <Logger friendlyName=\"Console\" uri=\"logger://microsoft/TestPlatform/ConsoleLogger/v1\" assemblyQualifiedName=\"Microsoft.VisualStudio.TestPlatform.CommandLine.Internal.ConsoleLogger, vstest.console, Version=15.0.0.0, Culture=neutral, PublicKeyToken=b03f5f7f11d50a3a\" codeBase=\"C:\\Program Files\\dotnet\\sdk\\8.0.101\\vstest.console.dll\" enabled=\"True\" />\r\n    </Loggers>\r\n  </LoggerRunSettings>\r\n  <DataCollectionRunSettings>\r\n    <DataCollectors>\r\n      <DataCollector friendlyName=\"blame\" enabled=\"True\">\r\n        <Configuration>\r\n          <ResultsDirectory>C:\\Users\\jrowen\\source\\repos\\construx-class-work\\PlayerTracker\\PlayerTracker.UnitTests\\bin\\Debug\\net8.0\\fine-code-coverage\\coverage-tool-output</ResultsDirectory>\r\n        </Configuration>\r\n      </DataCollector>\r\n    </DataCollectors>\r\n  </DataCollectionRunSettings>\r\n</RunSettings>","TestExecutionContext":{"FrequencyOfRunStatsChangeEvent":10,"RunStatsChangeEventTimeout":"00:00:01.5000000","InIsolation":false,"KeepAlive":false,"AreTestCaseLevelEventsRequired":false,"IsDebug":false,"TestCaseFilter":null,"FilterOptions":null},"Package":null}}
TpTrace Verbose: 0 : 25480, 5, 2024/09/10, 15:34:57.609, 16868185712787, vstest.console.dll, ParallelProxyExecutionManager.StartTestRunOnConcurrentManager: Execution started. Started clients: 1
TpTrace Verbose: 0 : 25480, 13, 2024/09/10, 15:34:57.740, 16868187024757, vstest.console.dll, TcpClientExtensions.MessageLoopAsync: NotifyDataAvailable remoteEndPoint: 127.0.0.1:54496 localEndPoint: 127.0.0.1:54495
TpTrace Verbose: 0 : 25480, 13, 2024/09/10, 15:34:57.741, 16868187026258, vstest.console.dll, TestRequestSender.OnExecutionMessageReceived: Received message: {"Version":7,"MessageType":"TestSession.Message","Payload":{"MessageLevel":0,"Message":"[xUnit.net 00:00:00.00] xUnit.net VSTest Adapter v2.4.5+1caef2f33e (64-bit .NET 8.0.1)"}}
TpTrace Verbose: 0 : 25480, 13, 2024/09/10, 15:34:57.741, 16868187028025, vstest.console.dll, TestRunRequest:SendTestRunMessage: Starting.
TpTrace Verbose: 0 : 25480, 13, 2024/09/10, 15:34:57.741, 16868187028828, vstest.console.dll, MulticastDelegateUtilities.SafeInvoke: TestRun.LogMessages: Invoking callback 1/1 for Microsoft.VisualStudio.TestPlatform.CommandLine.TestRunResultAggregator., took 0 ms.
TpTrace Information: 0 : 25480, 13, 2024/09/10, 15:34:57.741, 16868187029258, vstest.console.dll, TestRunRequest:SendTestRunMessage: Completed.
TpTrace Verbose: 0 : 25480, 4, 2024/09/10, 15:34:57.741, 16868187029447, vstest.console.dll, MulticastDelegateUtilities.SafeInvoke: InternalTestLoggerEvents.SendTestRunMessage: Invoking callback 1/1 for Microsoft.VisualStudio.TestPlatform.CommandLine.Internal.ConsoleLogger., took 0 ms.
TpTrace Verbose: 0 : 25480, 13, 2024/09/10, 15:34:57.741, 16868187029643, vstest.console.dll, MulticastDelegateUtilities.SafeInvoke: LengthPrefixCommunicationChannel: MessageReceived: Invoking callback 1/1 for Microsoft.VisualStudio.TestPlatform.CommunicationUtilities.TestRequestSender+<>c__DisplayClass34_0., took 0 ms.
TpTrace Verbose: 0 : 25480, 13, 2024/09/10, 15:34:57.741, 16868187030663, vstest.console.dll, TcpClientExtensions.MessageLoopAsync: Polling on remoteEndPoint: 127.0.0.1:54496 localEndPoint: 127.0.0.1:54495
TpTrace Verbose: 0 : 25480, 13, 2024/09/10, 15:34:58.709, 16868196715912, vstest.console.dll, TcpClientExtensions.MessageLoopAsync: NotifyDataAvailable remoteEndPoint: 127.0.0.1:54496 localEndPoint: 127.0.0.1:54495
TpTrace Verbose: 0 : 25480, 13, 2024/09/10, 15:34:58.710, 16868196717684, vstest.console.dll, TestRequestSender.OnExecutionMessageReceived: Received message: {"Version":7,"MessageType":"TestSession.Message","Payload":{"MessageLevel":0,"Message":"[xUnit.net 00:00:00.97]   Discovering: PlayerTracker.UnitTests"}}
TpTrace Verbose: 0 : 25480, 13, 2024/09/10, 15:34:58.710, 16868196719020, vstest.console.dll, TestRunRequest:SendTestRunMessage: Starting.
TpTrace Verbose: 0 : 25480, 13, 2024/09/10, 15:34:58.710, 16868196719737, vstest.console.dll, MulticastDelegateUtilities.SafeInvoke: TestRun.LogMessages: Invoking callback 1/1 for Microsoft.VisualStudio.TestPlatform.CommandLine.TestRunResultAggregator., took 0 ms.
TpTrace Information: 0 : 25480, 13, 2024/09/10, 15:34:58.710, 16868196720108, vstest.console.dll, TestRunRequest:SendTestRunMessage: Completed.
TpTrace Verbose: 0 : 25480, 4, 2024/09/10, 15:34:58.710, 16868196720273, vstest.console.dll, MulticastDelegateUtilities.SafeInvoke: InternalTestLoggerEvents.SendTestRunMessage: Invoking callback 1/1 for Microsoft.VisualStudio.TestPlatform.CommandLine.Internal.ConsoleLogger., took 0 ms.
TpTrace Verbose: 0 : 25480, 13, 2024/09/10, 15:34:58.710, 16868196720469, vstest.console.dll, MulticastDelegateUtilities.SafeInvoke: LengthPrefixCommunicationChannel: MessageReceived: Invoking callback 1/1 for Microsoft.VisualStudio.TestPlatform.CommunicationUtilities.TestRequestSender+<>c__DisplayClass34_0., took 0 ms.
TpTrace Verbose: 0 : 25480, 13, 2024/09/10, 15:34:58.710, 16868196721498, vstest.console.dll, TcpClientExtensions.MessageLoopAsync: Polling on remoteEndPoint: 127.0.0.1:54496 localEndPoint: 127.0.0.1:54495
TpTrace Verbose: 0 : 25480, 13, 2024/09/10, 15:34:58.737, 16868196994139, vstest.console.dll, TcpClientExtensions.MessageLoopAsync: NotifyDataAvailable remoteEndPoint: 127.0.0.1:54496 localEndPoint: 127.0.0.1:54495
TpTrace Verbose: 0 : 25480, 13, 2024/09/10, 15:34:58.737, 16868196995695, vstest.console.dll, TestRequestSender.OnExecutionMessageReceived: Received message: {"Version":7,"MessageType":"TestSession.Message","Payload":{"MessageLevel":0,"Message":"[xUnit.net 00:00:01.00]   Discovered:  PlayerTracker.UnitTests"}}
TpTrace Verbose: 0 : 25480, 13, 2024/09/10, 15:34:58.738, 16868196996940, vstest.console.dll, TestRunRequest:SendTestRunMessage: Starting.
TpTrace Verbose: 0 : 25480, 13, 2024/09/10, 15:34:58.738, 16868196997606, vstest.console.dll, MulticastDelegateUtilities.SafeInvoke: TestRun.LogMessages: Invoking callback 1/1 for Microsoft.VisualStudio.TestPlatform.CommandLine.TestRunResultAggregator., took 0 ms.
TpTrace Verbose: 0 : 25480, 4, 2024/09/10, 15:34:58.738, 16868196998130, vstest.console.dll, MulticastDelegateUtilities.SafeInvoke: InternalTestLoggerEvents.SendTestRunMessage: Invoking callback 1/1 for Microsoft.VisualStudio.TestPlatform.CommandLine.Internal.ConsoleLogger., took 0 ms.
TpTrace Information: 0 : 25480, 13, 2024/09/10, 15:34:58.738, 16868196998218, vstest.console.dll, TestRunRequest:SendTestRunMessage: Completed.
TpTrace Verbose: 0 : 25480, 13, 2024/09/10, 15:34:58.738, 16868196999547, vstest.console.dll, MulticastDelegateUtilities.SafeInvoke: LengthPrefixCommunicationChannel: MessageReceived: Invoking callback 1/1 for Microsoft.VisualStudio.TestPlatform.CommunicationUtilities.TestRequestSender+<>c__DisplayClass34_0., took 0 ms.
TpTrace Verbose: 0 : 25480, 13, 2024/09/10, 15:34:58.738, 16868197000043, vstest.console.dll, TcpClientExtensions.MessageLoopAsync: Polling on remoteEndPoint: 127.0.0.1:54496 localEndPoint: 127.0.0.1:54495
TpTrace Verbose: 0 : 25480, 13, 2024/09/10, 15:34:58.740, 16868197019390, vstest.console.dll, TcpClientExtensions.MessageLoopAsync: NotifyDataAvailable remoteEndPoint: 127.0.0.1:54496 localEndPoint: 127.0.0.1:54495
TpTrace Verbose: 0 : 25480, 13, 2024/09/10, 15:34:58.740, 16868197020252, vstest.console.dll, TestRequestSender.OnExecutionMessageReceived: Received message: {"Version":7,"MessageType":"TestSession.Message","Payload":{"MessageLevel":0,"Message":"[xUnit.net 00:00:01.00]   Starting:    PlayerTracker.UnitTests"}}
TpTrace Verbose: 0 : 25480, 13, 2024/09/10, 15:34:58.740, 16868197021201, vstest.console.dll, TestRunRequest:SendTestRunMessage: Starting.
TpTrace Verbose: 0 : 25480, 13, 2024/09/10, 15:34:58.740, 16868197021764, vstest.console.dll, MulticastDelegateUtilities.SafeInvoke: TestRun.LogMessages: Invoking callback 1/1 for Microsoft.VisualStudio.TestPlatform.CommandLine.TestRunResultAggregator., took 0 ms.
TpTrace Information: 0 : 25480, 13, 2024/09/10, 15:34:58.740, 16868197022177, vstest.console.dll, TestRunRequest:SendTestRunMessage: Completed.
TpTrace Verbose: 0 : 25480, 4, 2024/09/10, 15:34:58.740, 16868197022276, vstest.console.dll, MulticastDelegateUtilities.SafeInvoke: InternalTestLoggerEvents.SendTestRunMessage: Invoking callback 1/1 for Microsoft.VisualStudio.TestPlatform.CommandLine.Internal.ConsoleLogger., took 0 ms.
TpTrace Verbose: 0 : 25480, 13, 2024/09/10, 15:34:58.740, 16868197022545, vstest.console.dll, MulticastDelegateUtilities.SafeInvoke: LengthPrefixCommunicationChannel: MessageReceived: Invoking callback 1/1 for Microsoft.VisualStudio.TestPlatform.CommunicationUtilities.TestRequestSender+<>c__DisplayClass34_0., took 0 ms.
TpTrace Verbose: 0 : 25480, 13, 2024/09/10, 15:34:58.740, 16868197023660, vstest.console.dll, TcpClientExtensions.MessageLoopAsync: Polling on remoteEndPoint: 127.0.0.1:54496 localEndPoint: 127.0.0.1:54495
TpTrace Verbose: 0 : 25480, 13, 2024/09/10, 15:34:58.858, 16868198202164, vstest.console.dll, TcpClientExtensions.MessageLoopAsync: NotifyDataAvailable remoteEndPoint: 127.0.0.1:54496 localEndPoint: 127.0.0.1:54495
TpTrace Verbose: 0 : 25480, 13, 2024/09/10, 15:34:58.858, 16868198203678, vstest.console.dll, TestRequestSender.OnExecutionMessageReceived: Received message: {"Version":7,"MessageType":"TestSession.Message","Payload":{"MessageLevel":2,"Message":"[xUnit.net 00:00:01.12]     PlayerTracker.UnitTests.LeaderboardValidatorTests.Validate_LeaderboardDateInFuture_ShouldHaveValidationError [FAIL]"}}
TpTrace Verbose: 0 : 25480, 13, 2024/09/10, 15:34:58.858, 16868198204905, vstest.console.dll, TestRunRequest:SendTestRunMessage: Starting.
TpTrace Verbose: 0 : 25480, 13, 2024/09/10, 15:34:58.858, 16868198205662, vstest.console.dll, MulticastDelegateUtilities.SafeInvoke: TestRun.LogMessages: Invoking callback 1/1 for Microsoft.VisualStudio.TestPlatform.CommandLine.TestRunResultAggregator., took 0 ms.
TpTrace Information: 0 : 25480, 13, 2024/09/10, 15:34:58.859, 16868198206353, vstest.console.dll, TestRunRequest:SendTestRunMessage: Completed.
TpTrace Verbose: 0 : 25480, 13, 2024/09/10, 15:34:58.859, 16868198207007, vstest.console.dll, MulticastDelegateUtilities.SafeInvoke: LengthPrefixCommunicationChannel: MessageReceived: Invoking callback 1/1 for Microsoft.VisualStudio.TestPlatform.CommunicationUtilities.TestRequestSender+<>c__DisplayClass34_0., took 0 ms.
TpTrace Verbose: 0 : 25480, 13, 2024/09/10, 15:34:58.859, 16868198208438, vstest.console.dll, TcpClientExtensions.MessageLoopAsync: Polling on remoteEndPoint: 127.0.0.1:54496 localEndPoint: 127.0.0.1:54495
TpTrace Verbose: 0 : 25480, 4, 2024/09/10, 15:34:58.859, 16868198207267, vstest.console.dll, MulticastDelegateUtilities.SafeInvoke: InternalTestLoggerEvents.SendTestRunMessage: Invoking callback 1/1 for Microsoft.VisualStudio.TestPlatform.CommandLine.Internal.ConsoleLogger., took 0 ms.
TpTrace Verbose: 0 : 25480, 13, 2024/09/10, 15:34:58.859, 16868198209434, vstest.console.dll, TcpClientExtensions.MessageLoopAsync: NotifyDataAvailable remoteEndPoint: 127.0.0.1:54496 localEndPoint: 127.0.0.1:54495
TpTrace Verbose: 0 : 25480, 13, 2024/09/10, 15:34:58.859, 16868198211111, vstest.console.dll, TestRequestSender.OnExecutionMessageReceived: Received message: {"Version":7,"MessageType":"TestSession.Message","Payload":{"MessageLevel":0,"Message":"[xUnit.net 00:00:01.12]       FluentValidation.TestHelper.ValidationTestException : Expected a validation error for property Tournament.StartDate\n----\nProperties with Validation Errors:\n[0]: Tournament.Name\n[1]: Players\n[2]: Players\n"}}
TpTrace Verbose: 0 : 25480, 13, 2024/09/10, 15:34:58.859, 16868198212068, vstest.console.dll, TestRunRequest:SendTestRunMessage: Starting.
TpTrace Verbose: 0 : 25480, 13, 2024/09/10, 15:34:58.859, 16868198212813, vstest.console.dll, MulticastDelegateUtilities.SafeInvoke: TestRun.LogMessages: Invoking callback 1/1 for Microsoft.VisualStudio.TestPlatform.CommandLine.TestRunResultAggregator., took 0 ms.
TpTrace Verbose: 0 : 25480, 4, 2024/09/10, 15:34:58.859, 16868198212954, vstest.console.dll, MulticastDelegateUtilities.SafeInvoke: InternalTestLoggerEvents.SendTestRunMessage: Invoking callback 1/1 for Microsoft.VisualStudio.TestPlatform.CommandLine.Internal.ConsoleLogger., took 0 ms.
TpTrace Information: 0 : 25480, 13, 2024/09/10, 15:34:58.859, 16868198213372, vstest.console.dll, TestRunRequest:SendTestRunMessage: Completed.
TpTrace Verbose: 0 : 25480, 13, 2024/09/10, 15:34:58.859, 16868198214869, vstest.console.dll, MulticastDelegateUtilities.SafeInvoke: LengthPrefixCommunicationChannel: MessageReceived: Invoking callback 1/1 for Microsoft.VisualStudio.TestPlatform.CommunicationUtilities.TestRequestSender+<>c__DisplayClass34_0., took 0 ms.
TpTrace Verbose: 0 : 25480, 13, 2024/09/10, 15:34:58.859, 16868198215301, vstest.console.dll, TcpClientExtensions.MessageLoopAsync: Polling on remoteEndPoint: 127.0.0.1:54496 localEndPoint: 127.0.0.1:54495
TpTrace Verbose: 0 : 25480, 13, 2024/09/10, 15:34:58.860, 16868198216009, vstest.console.dll, TcpClientExtensions.MessageLoopAsync: NotifyDataAvailable remoteEndPoint: 127.0.0.1:54496 localEndPoint: 127.0.0.1:54495
TpTrace Verbose: 0 : 25480, 13, 2024/09/10, 15:34:58.860, 16868198217597, vstest.console.dll, TestRequestSender.OnExecutionMessageReceived: Received message: {"Version":7,"MessageType":"TestSession.Message","Payload":{"MessageLevel":0,"Message":"[xUnit.net 00:00:01.12]       Stack Trace:"}}
TpTrace Verbose: 0 : 25480, 13, 2024/09/10, 15:34:58.860, 16868198218679, vstest.console.dll, TestRunRequest:SendTestRunMessage: Starting.
TpTrace Verbose: 0 : 25480, 13, 2024/09/10, 15:34:58.860, 16868198219355, vstest.console.dll, MulticastDelegateUtilities.SafeInvoke: TestRun.LogMessages: Invoking callback 1/1 for Microsoft.VisualStudio.TestPlatform.CommandLine.TestRunResultAggregator., took 0 ms.
TpTrace Verbose: 0 : 25480, 4, 2024/09/10, 15:34:58.860, 16868198219569, vstest.console.dll, MulticastDelegateUtilities.SafeInvoke: InternalTestLoggerEvents.SendTestRunMessage: Invoking callback 1/1 for Microsoft.VisualStudio.TestPlatform.CommandLine.Internal.ConsoleLogger., took 0 ms.
TpTrace Information: 0 : 25480, 13, 2024/09/10, 15:34:58.860, 16868198219984, vstest.console.dll, TestRunRequest:SendTestRunMessage: Completed.
TpTrace Verbose: 0 : 25480, 13, 2024/09/10, 15:34:58.860, 16868198221191, vstest.console.dll, MulticastDelegateUtilities.SafeInvoke: LengthPrefixCommunicationChannel: MessageReceived: Invoking callback 1/1 for Microsoft.VisualStudio.TestPlatform.CommunicationUtilities.TestRequestSender+<>c__DisplayClass34_0., took 0 ms.
TpTrace Verbose: 0 : 25480, 13, 2024/09/10, 15:34:58.860, 16868198221632, vstest.console.dll, TcpClientExtensions.MessageLoopAsync: Polling on remoteEndPoint: 127.0.0.1:54496 localEndPoint: 127.0.0.1:54495
TpTrace Verbose: 0 : 25480, 13, 2024/09/10, 15:34:58.860, 16868198223430, vstest.console.dll, TcpClientExtensions.MessageLoopAsync: NotifyDataAvailable remoteEndPoint: 127.0.0.1:54496 localEndPoint: 127.0.0.1:54495
TpTrace Verbose: 0 : 25480, 13, 2024/09/10, 15:34:58.860, 16868198224148, vstest.console.dll, TestRequestSender.OnExecutionMessageReceived: Received message: {"Version":7,"MessageType":"TestSession.Message","Payload":{"MessageLevel":0,"Message":"[xUnit.net 00:00:01.12]         /_/src/FluentValidation/TestHelper/TestValidationResult.cs(82,0): at FluentValidation.TestHelper.TestValidationResult`1.ShouldHaveValidationError(String propertyName, Boolean shouldNormalizePropertyName)"}}
TpTrace Verbose: 0 : 25480, 13, 2024/09/10, 15:34:58.860, 16868198224968, vstest.console.dll, TestRunRequest:SendTestRunMessage: Starting.
TpTrace Verbose: 0 : 25480, 13, 2024/09/10, 15:34:58.860, 16868198225603, vstest.console.dll, MulticastDelegateUtilities.SafeInvoke: TestRun.LogMessages: Invoking callback 1/1 for Microsoft.VisualStudio.TestPlatform.CommandLine.TestRunResultAggregator., took 0 ms.
TpTrace Verbose: 0 : 25480, 4, 2024/09/10, 15:34:58.860, 16868198225750, vstest.console.dll, MulticastDelegateUtilities.SafeInvoke: InternalTestLoggerEvents.SendTestRunMessage: Invoking callback 1/1 for Microsoft.VisualStudio.TestPlatform.CommandLine.Internal.ConsoleLogger., took 0 ms.
TpTrace Information: 0 : 25480, 13, 2024/09/10, 15:34:58.861, 16868198226822, vstest.console.dll, TestRunRequest:SendTestRunMessage: Completed.
TpTrace Verbose: 0 : 25480, 13, 2024/09/10, 15:34:58.861, 16868198227447, vstest.console.dll, MulticastDelegateUtilities.SafeInvoke: LengthPrefixCommunicationChannel: MessageReceived: Invoking callback 1/1 for Microsoft.VisualStudio.TestPlatform.CommunicationUtilities.TestRequestSender+<>c__DisplayClass34_0., took 0 ms.
TpTrace Verbose: 0 : 25480, 13, 2024/09/10, 15:34:58.861, 16868198227904, vstest.console.dll, TcpClientExtensions.MessageLoopAsync: Polling on remoteEndPoint: 127.0.0.1:54496 localEndPoint: 127.0.0.1:54495
TpTrace Verbose: 0 : 25480, 13, 2024/09/10, 15:34:58.861, 16868198228356, vstest.console.dll, TcpClientExtensions.MessageLoopAsync: NotifyDataAvailable remoteEndPoint: 127.0.0.1:54496 localEndPoint: 127.0.0.1:54495
TpTrace Verbose: 0 : 25480, 13, 2024/09/10, 15:34:58.861, 16868198228986, vstest.console.dll, TestRequestSender.OnExecutionMessageReceived: Received message: {"Version":7,"MessageType":"TestSession.Message","Payload":{"MessageLevel":0,"Message":"[xUnit.net 00:00:01.12]         /_/src/FluentValidation/TestHelper/TestValidationResult.cs(39,0): at FluentValidation.TestHelper.TestValidationResult`1.ShouldHaveValidationErrorFor[TProperty](Expression`1 memberAccessor)"}}
TpTrace Verbose: 0 : 25480, 13, 2024/09/10, 15:34:58.861, 16868198229887, vstest.console.dll, TestRunRequest:SendTestRunMessage: Starting.
TpTrace Verbose: 0 : 25480, 13, 2024/09/10, 15:34:58.861, 16868198230492, vstest.console.dll, MulticastDelegateUtilities.SafeInvoke: TestRun.LogMessages: Invoking callback 1/1 for Microsoft.VisualStudio.TestPlatform.CommandLine.TestRunResultAggregator., took 0 ms.
TpTrace Verbose: 0 : 25480, 4, 2024/09/10, 15:34:58.861, 16868198230677, vstest.console.dll, MulticastDelegateUtilities.SafeInvoke: InternalTestLoggerEvents.SendTestRunMessage: Invoking callback 1/1 for Microsoft.VisualStudio.TestPlatform.CommandLine.Internal.ConsoleLogger., took 0 ms.
TpTrace Information: 0 : 25480, 13, 2024/09/10, 15:34:58.861, 16868198231085, vstest.console.dll, TestRunRequest:SendTestRunMessage: Completed.
TpTrace Verbose: 0 : 25480, 13, 2024/09/10, 15:34:58.861, 16868198232253, vstest.console.dll, MulticastDelegateUtilities.SafeInvoke: LengthPrefixCommunicationChannel: MessageReceived: Invoking callback 1/1 for Microsoft.VisualStudio.TestPlatform.CommunicationUtilities.TestRequestSender+<>c__DisplayClass34_0., took 0 ms.
TpTrace Verbose: 0 : 25480, 13, 2024/09/10, 15:34:58.861, 16868198232712, vstest.console.dll, TcpClientExtensions.MessageLoopAsync: Polling on remoteEndPoint: 127.0.0.1:54496 localEndPoint: 127.0.0.1:54495
TpTrace Verbose: 0 : 25480, 13, 2024/09/10, 15:34:58.861, 16868198233143, vstest.console.dll, TcpClientExtensions.MessageLoopAsync: NotifyDataAvailable remoteEndPoint: 127.0.0.1:54496 localEndPoint: 127.0.0.1:54495
TpTrace Verbose: 0 : 25480, 13, 2024/09/10, 15:34:58.861, 16868198233993, vstest.console.dll, TestRequestSender.OnExecutionMessageReceived: Received message: {"Version":7,"MessageType":"TestSession.Message","Payload":{"MessageLevel":0,"Message":"[xUnit.net 00:00:01.12]         C:\\Users\\jrowen\\source\\repos\\construx-class-work\\PlayerTracker\\PlayerTracker.UnitTests\\LeaderboardValidatorTests.cs(72,0): at PlayerTracker.UnitTests.LeaderboardValidatorTests.Validate_LeaderboardDateInFuture_ShouldHaveValidationError()"}}
TpTrace Verbose: 0 : 25480, 13, 2024/09/10, 15:34:58.861, 16868198235029, vstest.console.dll, TestRunRequest:SendTestRunMessage: Starting.
TpTrace Verbose: 0 : 25480, 13, 2024/09/10, 15:34:58.861, 16868198235769, vstest.console.dll, MulticastDelegateUtilities.SafeInvoke: TestRun.LogMessages: Invoking callback 1/1 for Microsoft.VisualStudio.TestPlatform.CommandLine.TestRunResultAggregator., took 0 ms.
TpTrace Verbose: 0 : 25480, 4, 2024/09/10, 15:34:58.862, 16868198235914, vstest.console.dll, MulticastDelegateUtilities.SafeInvoke: InternalTestLoggerEvents.SendTestRunMessage: Invoking callback 1/1 for Microsoft.VisualStudio.TestPlatform.CommandLine.Internal.ConsoleLogger., took 0 ms.
TpTrace Information: 0 : 25480, 13, 2024/09/10, 15:34:58.862, 16868198236760, vstest.console.dll, TestRunRequest:SendTestRunMessage: Completed.
TpTrace Verbose: 0 : 25480, 13, 2024/09/10, 15:34:58.862, 16868198237264, vstest.console.dll, MulticastDelegateUtilities.SafeInvoke: LengthPrefixCommunicationChannel: MessageReceived: Invoking callback 1/1 for Microsoft.VisualStudio.TestPlatform.CommunicationUtilities.TestRequestSender+<>c__DisplayClass34_0., took 0 ms.
TpTrace Verbose: 0 : 25480, 13, 2024/09/10, 15:34:58.862, 16868198237637, vstest.console.dll, TcpClientExtensions.MessageLoopAsync: Polling on remoteEndPoint: 127.0.0.1:54496 localEndPoint: 127.0.0.1:54495
TpTrace Verbose: 0 : 25480, 13, 2024/09/10, 15:34:58.862, 16868198238064, vstest.console.dll, TcpClientExtensions.MessageLoopAsync: NotifyDataAvailable remoteEndPoint: 127.0.0.1:54496 localEndPoint: 127.0.0.1:54495
TpTrace Verbose: 0 : 25480, 13, 2024/09/10, 15:34:58.862, 16868198238733, vstest.console.dll, TestRequestSender.OnExecutionMessageReceived: Received message: {"Version":7,"MessageType":"TestSession.Message","Payload":{"MessageLevel":0,"Message":"[xUnit.net 00:00:01.12]            at System.RuntimeMethodHandle.InvokeMethod(Object target, Void** arguments, Signature sig, Boolean isConstructor)"}}
TpTrace Verbose: 0 : 25480, 13, 2024/09/10, 15:34:58.862, 16868198239465, vstest.console.dll, TestRunRequest:SendTestRunMessage: Starting.
TpTrace Verbose: 0 : 25480, 13, 2024/09/10, 15:34:58.862, 16868198240126, vstest.console.dll, MulticastDelegateUtilities.SafeInvoke: TestRun.LogMessages: Invoking callback 1/1 for Microsoft.VisualStudio.TestPlatform.CommandLine.TestRunResultAggregator., took 0 ms.
TpTrace Verbose: 0 : 25480, 4, 2024/09/10, 15:34:58.862, 16868198240342, vstest.console.dll, MulticastDelegateUtilities.SafeInvoke: InternalTestLoggerEvents.SendTestRunMessage: Invoking callback 1/1 for Microsoft.VisualStudio.TestPlatform.CommandLine.Internal.ConsoleLogger., took 0 ms.
TpTrace Information: 0 : 25480, 13, 2024/09/10, 15:34:58.862, 16868198241112, vstest.console.dll, TestRunRequest:SendTestRunMessage: Completed.
TpTrace Verbose: 0 : 25480, 13, 2024/09/10, 15:34:58.862, 16868198241665, vstest.console.dll, MulticastDelegateUtilities.SafeInvoke: LengthPrefixCommunicationChannel: MessageReceived: Invoking callback 1/1 for Microsoft.VisualStudio.TestPlatform.CommunicationUtilities.TestRequestSender+<>c__DisplayClass34_0., took 0 ms.
TpTrace Verbose: 0 : 25480, 13, 2024/09/10, 15:34:58.862, 16868198242056, vstest.console.dll, TcpClientExtensions.MessageLoopAsync: Polling on remoteEndPoint: 127.0.0.1:54496 localEndPoint: 127.0.0.1:54495
TpTrace Verbose: 0 : 25480, 13, 2024/09/10, 15:34:58.862, 16868198242510, vstest.console.dll, TcpClientExtensions.MessageLoopAsync: NotifyDataAvailable remoteEndPoint: 127.0.0.1:54496 localEndPoint: 127.0.0.1:54495
TpTrace Verbose: 0 : 25480, 13, 2024/09/10, 15:34:58.862, 16868198243085, vstest.console.dll, TestRequestSender.OnExecutionMessageReceived: Received message: {"Version":7,"MessageType":"TestSession.Message","Payload":{"MessageLevel":0,"Message":"[xUnit.net 00:00:01.12]            at System.Reflection.MethodBaseInvoker.InvokeWithNoArgs(Object obj, BindingFlags invokeAttr)"}}
TpTrace Verbose: 0 : 25480, 13, 2024/09/10, 15:34:58.862, 16868198243826, vstest.console.dll, TestRunRequest:SendTestRunMessage: Starting.
TpTrace Verbose: 0 : 25480, 13, 2024/09/10, 15:34:58.862, 16868198244408, vstest.console.dll, MulticastDelegateUtilities.SafeInvoke: TestRun.LogMessages: Invoking callback 1/1 for Microsoft.VisualStudio.TestPlatform.CommandLine.TestRunResultAggregator., took 0 ms.
TpTrace Verbose: 0 : 25480, 4, 2024/09/10, 15:34:58.862, 16868198244588, vstest.console.dll, MulticastDelegateUtilities.SafeInvoke: InternalTestLoggerEvents.SendTestRunMessage: Invoking callback 1/1 for Microsoft.VisualStudio.TestPlatform.CommandLine.Internal.ConsoleLogger., took 0 ms.
TpTrace Information: 0 : 25480, 13, 2024/09/10, 15:34:58.862, 16868198244968, vstest.console.dll, TestRunRequest:SendTestRunMessage: Completed.
TpTrace Verbose: 0 : 25480, 13, 2024/09/10, 15:34:58.863, 16868198246311, vstest.console.dll, MulticastDelegateUtilities.SafeInvoke: LengthPrefixCommunicationChannel: MessageReceived: Invoking callback 1/1 for Microsoft.VisualStudio.TestPlatform.CommunicationUtilities.TestRequestSender+<>c__DisplayClass34_0., took 0 ms.
TpTrace Verbose: 0 : 25480, 13, 2024/09/10, 15:34:58.863, 16868198246883, vstest.console.dll, TcpClientExtensions.MessageLoopAsync: Polling on remoteEndPoint: 127.0.0.1:54496 localEndPoint: 127.0.0.1:54495
TpTrace Verbose: 0 : 25480, 13, 2024/09/10, 15:34:58.903, 16868198648749, vstest.console.dll, TcpClientExtensions.MessageLoopAsync: NotifyDataAvailable remoteEndPoint: 127.0.0.1:54496 localEndPoint: 127.0.0.1:54495
TpTrace Verbose: 0 : 25480, 13, 2024/09/10, 15:34:58.903, 16868198652120, vstest.console.dll, TestRequestSender.OnExecutionMessageReceived: Received message: {"Version":7,"MessageType":"TestExecution.StatsChange","Payload":{"NewTestResults":[{"TestCase":{"Id":"744eac01-26df-6c46-373d-b9e9846b1699","FullyQualifiedName":"PlayerTracker.UnitTests.LeaderboardValidatorTests.Validate_LeaderboardPlayersIsNull_ShouldHaveValidationError","DisplayName":"PlayerTracker.UnitTests.LeaderboardValidatorTests.Validate_LeaderboardPlayersIsNull_ShouldHaveValidationError","ExecutorUri":"executor://xunit/VsTestRunner2/netcoreapp","Source":"C:\\Users\\jrowen\\source\\repos\\construx-class-work\\PlayerTracker\\PlayerTracker.UnitTests\\bin\\Debug\\net8.0\\fine-code-coverage\\build-output\\PlayerTracker.UnitTests.dll","CodeFilePath":null,"LineNumber":0,"Properties":[]},"Attachments":[],"Outcome":1,"ErrorMessage":null,"ErrorStackTrace":null,"DisplayName":"PlayerTracker.UnitTests.LeaderboardValidatorTests.Validate_LeaderboardPlayersIsNull_ShouldHaveValidationError","Messages":[],"ComputerName":"LIN-532005L","Duration":"00:00:00.0525034","StartTime":"2024-09-10T21:34:58.835585+00:00","EndTime":"2024-09-10T21:34:58.8356087+00:00","Properties":[]},{"TestCase":{"Id":"94959d33-d915-37c8-f5c1-6d2d9afe55e8","FullyQualifiedName":"PlayerTracker.UnitTests.PlayerTrackerServiceTests.GetLeaderboards_TournamentsAreNull_ReturnsEmptyCollection","DisplayName":"PlayerTracker.UnitTests.PlayerTrackerServiceTests.GetLeaderboards_TournamentsAreNull_ReturnsEmptyCollection","ExecutorUri":"executor://xunit/VsTestRunner2/netcoreapp","Source":"C:\\Users\\jrowen\\source\\repos\\construx-class-work\\PlayerTracker\\PlayerTracker.UnitTests\\bin\\Debug\\net8.0\\fine-code-coverage\\build-output\\PlayerTracker.UnitTests.dll","CodeFilePath":null,"LineNumber":0,"Properties":[]},"Attachments":[],"Outcome":1,"ErrorMessage":null,"ErrorStackTrace":null,"DisplayName":"PlayerTracker.UnitTests.PlayerTrackerServiceTests.GetLeaderboards_TournamentsAreNull_ReturnsEmptyCollection","Messages":[],"ComputerName":"LIN-532005L","Duration":"00:00:00.0650979","StartTime":"2024-09-10T21:34:58.8525381+00:00","EndTime":"2024-09-10T21:34:58.8525382+00:00","Properties":[]},{"TestCase":{"Id":"bd22edaa-9fc8-1155-ae91-498ab2855782","FullyQualifiedName":"PlayerTracker.UnitTests.LeaderboardValidatorTests.Validate_LeaderboardDateInFuture_ShouldHaveValidationError","DisplayName":"PlayerTracker.UnitTests.LeaderboardValidatorTests.Validate_LeaderboardDateInFuture_ShouldHaveValidationError","ExecutorUri":"executor://xunit/VsTestRunner2/netcoreapp","Source":"C:\\Users\\jrowen\\source\\repos\\construx-class-work\\PlayerTracker\\PlayerTracker.UnitTests\\bin\\Debug\\net8.0\\fine-code-coverage\\build-output\\PlayerTracker.UnitTests.dll","CodeFilePath":null,"LineNumber":0,"Properties":[]},"Attachments":[],"Outcome":2,"ErrorMessage":"FluentValidation.TestHelper.ValidationTestException : Expected a validation error for property Tournament.StartDate\n----\nProperties with Validation Errors:\n[0]: Tournament.Name\n[1]: Players\n[2]: Players\n","ErrorStackTrace":"   at FluentValidation.TestHelper.TestValidationResult`1.ShouldHaveValidationError(String propertyName, Boolean shouldNormalizePropertyName) in /_/src/FluentValidation/TestHelper/TestValidationResult.cs:line 82\r\n   at FluentValidation.TestHelper.TestValidationResult`1.ShouldHaveValidationErrorFor[TProperty](Expression`1 memberAccessor) in /_/src/FluentValidation/TestHelper/TestValidationResult.cs:line 39\r\n   at PlayerTracker.UnitTests.LeaderboardValidatorTests.Validate_LeaderboardDateInFuture_ShouldHaveValidationError() in C:\\Users\\jrowen\\source\\repos\\construx-class-work\\PlayerTracker\\PlayerTracker.UnitTests\\LeaderboardValidatorTests.cs:line 72\r\n   at System.RuntimeMethodHandle.InvokeMethod(Object target, Void** arguments, Signature sig, Boolean isConstructor)\r\n   at System.Reflection.MethodBaseInvoker.InvokeWithNoArgs(Object obj, BindingFlags invokeAttr)","DisplayName":"PlayerTracker.UnitTests.LeaderboardValidatorTests.Validate_LeaderboardDateInFuture_ShouldHaveValidationError","Messages":[],"ComputerName":"LIN-532005L","Duration":"00:00:00.0065892","StartTime":"2024-09-10T21:34:58.8623683+00:00","EndTime":"2024-09-10T21:34:58.8623686+00:00","Properties":[]},{"TestCase":{"Id":"e1e7177e-cf56-f79a-334b-dffece3a20fb","FullyQualifiedName":"PlayerTracker.UnitTests.LeaderboardValidatorTests.Validate_LeaderboardTournamentIsNull_ShouldHaveValidationError","DisplayName":"PlayerTracker.UnitTests.LeaderboardValidatorTests.Validate_LeaderboardTournamentIsNull_ShouldHaveValidationError","ExecutorUri":"executor://xunit/VsTestRunner2/netcoreapp","Source":"C:\\Users\\jrowen\\source\\repos\\construx-class-work\\PlayerTracker\\PlayerTracker.UnitTests\\bin\\Debug\\net8.0\\fine-code-coverage\\build-output\\PlayerTracker.UnitTests.dll","CodeFilePath":null,"LineNumber":0,"Properties":[]},"Attachments":[],"Outcome":1,"ErrorMessage":null,"ErrorStackTrace":null,"DisplayName":"PlayerTracker.UnitTests.LeaderboardValidatorTests.Validate_LeaderboardTournamentIsNull_ShouldHaveValidationError","Messages":[],"ComputerName":"LIN-532005L","Duration":"00:00:00.0004518","StartTime":"2024-09-10T21:34:58.8652152+00:00","EndTime":"2024-09-10T21:34:58.8652153+00:00","Properties":[]},{"TestCase":{"Id":"1b496937-44b8-0949-2830-ed5b562c5ae8","FullyQualifiedName":"PlayerTracker.UnitTests.PlayerTrackerServiceTests.FilterPlayedLeaderboards_LeaderboardsWithNoPlayers_ReturnsEmptyCollection","DisplayName":"PlayerTracker.UnitTests.PlayerTrackerServiceTests.FilterPlayedLeaderboards_LeaderboardsWithNoPlayers_ReturnsEmptyCollection","ExecutorUri":"executor://xunit/VsTestRunner2/netcoreapp","Source":"C:\\Users\\jrowen\\source\\repos\\construx-class-work\\PlayerTracker\\PlayerTracker.UnitTests\\bin\\Debug\\net8.0\\fine-code-coverage\\build-output\\PlayerTracker.UnitTests.dll","CodeFilePath":null,"LineNumber":0,"Properties":[]},"Attachments":[],"Outcome":1,"ErrorMessage":null,"ErrorStackTrace":null,"DisplayName":"PlayerTracker.UnitTests.PlayerTrackerServiceTests.FilterPlayedLeaderboards_LeaderboardsWithNoPlayers_ReturnsEmptyCollection","Messages":[],"ComputerName":"LIN-532005L","Duration":"00:00:00.0039373","StartTime":"2024-09-10T21:34:58.8676818+00:00","EndTime":"2024-09-10T21:34:58.867682+00:00","Properties":[]},{"TestCase":{"Id":"341d739f-c846-3c6b-37de-5737e3254f16","FullyQualifiedName":"PlayerTracker.UnitTests.LeaderboardValidatorTests.Validate_LeaderboardPlayersIsEmpty_ShouldHaveValidationError","DisplayName":"PlayerTracker.UnitTests.LeaderboardValidatorTests.Validate_LeaderboardPlayersIsEmpty_ShouldHaveValidationError","ExecutorUri":"executor://xunit/VsTestRunner2/netcoreapp","Source":"C:\\Users\\jrowen\\source\\repos\\construx-class-work\\PlayerTracker\\PlayerTracker.UnitTests\\bin\\Debug\\net8.0\\fine-code-coverage\\build-output\\PlayerTracker.UnitTests.dll","CodeFilePath":null,"LineNumber":0,"Properties":[]},"Attachments":[],"Outcome":1,"ErrorMessage":null,"ErrorStackTrace":null,"DisplayName":"PlayerTracker.UnitTests.LeaderboardValidatorTests.Validate_LeaderboardPlayersIsEmpty_ShouldHaveValidationError","Messages":[],"ComputerName":"LIN-532005L","Duration":"00:00:00.0003971","StartTime":"2024-09-10T21:34:58.8713554+00:00","EndTime":"2024-09-10T21:34:58.8713555+00:00","Properties":[]},{"TestCase":{"Id":"7dcf0aec-1d7c-000b-945f-1541337d987a","FullyQualifiedName":"PlayerTracker.UnitTests.PlayerTrackerServiceTests.FilterPlayedLeaderboards_LeaderboardsWithNoScottieScheffler","DisplayName":"PlayerTracker.UnitTests.PlayerTrackerServiceTests.FilterPlayedLeaderboards_LeaderboardsWithNoScottieScheffler","ExecutorUri":"executor://xunit/VsTestRunner2/netcoreapp","Source":"C:\\Users\\jrowen\\source\\repos\\construx-class-work\\PlayerTracker\\PlayerTracker.UnitTests\\bin\\Debug\\net8.0\\fine-code-coverage\\build-output\\PlayerTracker.UnitTests.dll","CodeFilePath":null,"LineNumber":0,"Properties":[]},"Attachments":[],"Outcome":1,"ErrorMessage":null,"ErrorStackTrace":null,"DisplayName":"PlayerTracker.UnitTests.PlayerTrackerServiceTests.FilterPlayedLeaderboards_LeaderboardsWithNoScottieScheffler","Messages":[],"ComputerName":"LIN-532005L","Duration":"00:00:00.0022324","StartTime":"2024-09-10T21:34:58.8731154+00:00","EndTime":"2024-09-10T21:34:58.8731154+00:00","Properties":[]},{"TestCase":{"Id":"182a4014-853b-c8c6-111d-b11c3d1191a7","FullyQualifiedName":"PlayerTracker.UnitTests.PropertyBasedTests.GetLeaderboards_InSeason","DisplayName":"PlayerTracker.UnitTests.PropertyBasedTests.GetLeaderboards_InSeason","ExecutorUri":"executor://xunit/VsTestRunner2/netcoreapp","Source":"C:\\Users\\jrowen\\source\\repos\\construx-class-work\\PlayerTracker\\PlayerTracker.UnitTests\\bin\\Debug\\net8.0\\fine-code-coverage\\build-output\\PlayerTracker.UnitTests.dll","CodeFilePath":null,"LineNumber":0,"Properties":[]},"Attachments":[],"Outcome":1,"ErrorMessage":null,"ErrorStackTrace":null,"DisplayName":"PlayerTracker.UnitTests.PropertyBasedTests.GetLeaderboards_InSeason","Messages":[],"ComputerName":"LIN-532005L","Duration":"00:00:00.0827354","StartTime":"2024-09-10T21:34:58.8756795+00:00","EndTime":"2024-09-10T21:34:58.8756796+00:00","Properties":[]}],"TestRunStatistics":{"ExecutedTests":8,"Stats":{"Passed":7,"Failed":1}},"ActiveTests":[{"Id":"e6bc1227-fdc7-3cf6-0104-d7a90f64b467","FullyQualifiedName":"PlayerTracker.UnitTests.PlayerTrackerServiceTests.DatesShouldNotBeInFuture","DisplayName":"PlayerTracker.UnitTests.PlayerTrackerServiceTests.DatesShouldNotBeInFuture","ExecutorUri":"executor://xunit/VsTestRunner2/netcoreapp","Source":"C:\\Users\\jrowen\\source\\repos\\construx-class-work\\PlayerTracker\\PlayerTracker.UnitTests\\bin\\Debug\\net8.0\\fine-code-coverage\\build-output\\PlayerTracker.UnitTests.dll","CodeFilePath":null,"LineNumber":0,"Properties":[]},{"Id":"6c8411b5-97cd-2d18-663e-691d7c6d22ad","FullyQualifiedName":"PlayerTracker.UnitTests.PropertyBasedTests.GetLeaderboards_DatesShouldNotBeInFuture","DisplayName":"PlayerTracker.UnitTests.PropertyBasedTests.GetLeaderboards_DatesShouldNotBeInFuture","ExecutorUri":"executor://xunit/VsTestRunner2/netcoreapp","Source":"C:\\Users\\jrowen\\source\\repos\\construx-class-work\\PlayerTracker\\PlayerTracker.UnitTests\\bin\\Debug\\net8.0\\fine-code-coverage\\build-output\\PlayerTracker.UnitTests.dll","CodeFilePath":null,"LineNumber":0,"Properties":[]}]}}
TpTrace Verbose: 0 : 25480, 13, 2024/09/10, 15:34:58.927, 16868198887945, vstest.console.dll, TestRunRequest:SendTestRunStatsChange: Starting.
TpTrace Verbose: 0 : 25480, 13, 2024/09/10, 15:34:58.927, 16868198889722, vstest.console.dll, InProgress is PlayerTracker.UnitTests.PlayerTrackerServiceTests.DatesShouldNotBeInFuture
TpTrace Verbose: 0 : 25480, 13, 2024/09/10, 15:34:58.927, 16868198890771, vstest.console.dll, InProgress is PlayerTracker.UnitTests.PropertyBasedTests.GetLeaderboards_DatesShouldNotBeInFuture
TpTrace Verbose: 0 : 25480, 13, 2024/09/10, 15:34:58.927, 16868198892856, vstest.console.dll, MulticastDelegateUtilities.SafeInvoke: TestRun.RunStatsChanged: Invoking callbacks was skipped because there are no subscribers.
TpTrace Information: 0 : 25480, 13, 2024/09/10, 15:34:58.927, 16868198893366, vstest.console.dll, TestRunRequest:SendTestRunStatsChange: Completed.
TpTrace Verbose: 0 : 25480, 13, 2024/09/10, 15:34:58.927, 16868198893776, vstest.console.dll, MulticastDelegateUtilities.SafeInvoke: LengthPrefixCommunicationChannel: MessageReceived: Invoking callback 1/1 for Microsoft.VisualStudio.TestPlatform.CommunicationUtilities.TestRequestSender+<>c__DisplayClass34_0., took 24 ms.
TpTrace Verbose: 0 : 25480, 13, 2024/09/10, 15:34:58.927, 16868198894307, vstest.console.dll, TcpClientExtensions.MessageLoopAsync: Polling on remoteEndPoint: 127.0.0.1:54496 localEndPoint: 127.0.0.1:54495
TpTrace Verbose: 0 : 25480, 13, 2024/09/10, 15:34:58.927, 16868198894819, vstest.console.dll, TcpClientExtensions.MessageLoopAsync: NotifyDataAvailable remoteEndPoint: 127.0.0.1:54496 localEndPoint: 127.0.0.1:54495
TpTrace Verbose: 0 : 25480, 13, 2024/09/10, 15:34:58.927, 16868198895620, vstest.console.dll, TestRequestSender.OnExecutionMessageReceived: Received message: {"Version":7,"MessageType":"TestSession.Message","Payload":{"MessageLevel":2,"Message":"[xUnit.net 00:00:01.17]     PlayerTracker.UnitTests.PropertyBasedTests.GetLeaderboards_DatesShouldNotBeInFuture [FAIL]"}}
TpTrace Verbose: 0 : 25480, 13, 2024/09/10, 15:34:58.928, 16868198896966, vstest.console.dll, TestRunRequest:SendTestRunMessage: Starting.
TpTrace Verbose: 0 : 25480, 13, 2024/09/10, 15:34:58.928, 16868198897872, vstest.console.dll, MulticastDelegateUtilities.SafeInvoke: TestRun.LogMessages: Invoking callback 1/1 for Microsoft.VisualStudio.TestPlatform.CommandLine.TestRunResultAggregator., took 0 ms.
TpTrace Information: 0 : 25480, 13, 2024/09/10, 15:34:58.928, 16868198898498, vstest.console.dll, TestRunRequest:SendTestRunMessage: Completed.
TpTrace Verbose: 0 : 25480, 13, 2024/09/10, 15:34:58.928, 16868198899136, vstest.console.dll, MulticastDelegateUtilities.SafeInvoke: LengthPrefixCommunicationChannel: MessageReceived: Invoking callback 1/1 for Microsoft.VisualStudio.TestPlatform.CommunicationUtilities.TestRequestSender+<>c__DisplayClass34_0., took 0 ms.
TpTrace Verbose: 0 : 25480, 13, 2024/09/10, 15:34:58.928, 16868198899838, vstest.console.dll, TcpClientExtensions.MessageLoopAsync: Polling on remoteEndPoint: 127.0.0.1:54496 localEndPoint: 127.0.0.1:54495
TpTrace Verbose: 0 : 25480, 13, 2024/09/10, 15:34:58.928, 16868198900528, vstest.console.dll, TcpClientExtensions.MessageLoopAsync: NotifyDataAvailable remoteEndPoint: 127.0.0.1:54496 localEndPoint: 127.0.0.1:54495
TpTrace Verbose: 0 : 25480, 13, 2024/09/10, 15:34:58.928, 16868198901499, vstest.console.dll, TestRequestSender.OnExecutionMessageReceived: Received message: {"Version":7,"MessageType":"TestSession.Message","Payload":{"MessageLevel":0,"Message":"[xUnit.net 00:00:01.17]       Tournament date found in future"}}
TpTrace Verbose: 0 : 25480, 13, 2024/09/10, 15:34:58.928, 16868198902702, vstest.console.dll, TestRunRequest:SendTestRunMessage: Starting.
TpTrace Verbose: 0 : 25480, 13, 2024/09/10, 15:34:58.928, 16868198903567, vstest.console.dll, MulticastDelegateUtilities.SafeInvoke: TestRun.LogMessages: Invoking callback 1/1 for Microsoft.VisualStudio.TestPlatform.CommandLine.TestRunResultAggregator., took 0 ms.
TpTrace Information: 0 : 25480, 13, 2024/09/10, 15:34:58.928, 16868198904182, vstest.console.dll, TestRunRequest:SendTestRunMessage: Completed.
TpTrace Verbose: 0 : 25480, 13, 2024/09/10, 15:34:58.928, 16868198904780, vstest.console.dll, MulticastDelegateUtilities.SafeInvoke: LengthPrefixCommunicationChannel: MessageReceived: Invoking callback 1/1 for Microsoft.VisualStudio.TestPlatform.CommunicationUtilities.TestRequestSender+<>c__DisplayClass34_0., took 0 ms.
TpTrace Verbose: 0 : 25480, 13, 2024/09/10, 15:34:58.928, 16868198905513, vstest.console.dll, TcpClientExtensions.MessageLoopAsync: Polling on remoteEndPoint: 127.0.0.1:54496 localEndPoint: 127.0.0.1:54495
TpTrace Verbose: 0 : 25480, 13, 2024/09/10, 15:34:58.929, 16868198906050, vstest.console.dll, TcpClientExtensions.MessageLoopAsync: NotifyDataAvailable remoteEndPoint: 127.0.0.1:54496 localEndPoint: 127.0.0.1:54495
TpTrace Verbose: 0 : 25480, 13, 2024/09/10, 15:34:58.929, 16868198906645, vstest.console.dll, TestRequestSender.OnExecutionMessageReceived: Received message: {"Version":7,"MessageType":"TestSession.Message","Payload":{"MessageLevel":0,"Message":"[xUnit.net 00:00:01.17]       Expected: False"}}
TpTrace Verbose: 0 : 25480, 13, 2024/09/10, 15:34:58.929, 16868198907478, vstest.console.dll, TestRunRequest:SendTestRunMessage: Starting.
TpTrace Verbose: 0 : 25480, 13, 2024/09/10, 15:34:58.929, 16868198908040, vstest.console.dll, MulticastDelegateUtilities.SafeInvoke: TestRun.LogMessages: Invoking callback 1/1 for Microsoft.VisualStudio.TestPlatform.CommandLine.TestRunResultAggregator., took 0 ms.
TpTrace Information: 0 : 25480, 13, 2024/09/10, 15:34:58.929, 16868198908404, vstest.console.dll, TestRunRequest:SendTestRunMessage: Completed.
TpTrace Verbose: 0 : 25480, 13, 2024/09/10, 15:34:58.929, 16868198908764, vstest.console.dll, MulticastDelegateUtilities.SafeInvoke: LengthPrefixCommunicationChannel: MessageReceived: Invoking callback 1/1 for Microsoft.VisualStudio.TestPlatform.CommunicationUtilities.TestRequestSender+<>c__DisplayClass34_0., took 0 ms.
TpTrace Verbose: 0 : 25480, 13, 2024/09/10, 15:34:58.929, 16868198909238, vstest.console.dll, TcpClientExtensions.MessageLoopAsync: Polling on remoteEndPoint: 127.0.0.1:54496 localEndPoint: 127.0.0.1:54495
TpTrace Verbose: 0 : 25480, 13, 2024/09/10, 15:34:58.929, 16868198909733, vstest.console.dll, TcpClientExtensions.MessageLoopAsync: NotifyDataAvailable remoteEndPoint: 127.0.0.1:54496 localEndPoint: 127.0.0.1:54495
TpTrace Verbose: 0 : 25480, 13, 2024/09/10, 15:34:58.929, 16868198910316, vstest.console.dll, TestRequestSender.OnExecutionMessageReceived: Received message: {"Version":7,"MessageType":"TestSession.Message","Payload":{"MessageLevel":0,"Message":"[xUnit.net 00:00:01.17]       Actual:   True"}}
TpTrace Verbose: 0 : 25480, 13, 2024/09/10, 15:34:58.929, 16868198911053, vstest.console.dll, TestRunRequest:SendTestRunMessage: Starting.
TpTrace Verbose: 0 : 25480, 13, 2024/09/10, 15:34:58.929, 16868198911618, vstest.console.dll, MulticastDelegateUtilities.SafeInvoke: TestRun.LogMessages: Invoking callback 1/1 for Microsoft.VisualStudio.TestPlatform.CommandLine.TestRunResultAggregator., took 0 ms.
TpTrace Information: 0 : 25480, 13, 2024/09/10, 15:34:58.929, 16868198911980, vstest.console.dll, TestRunRequest:SendTestRunMessage: Completed.
TpTrace Verbose: 0 : 25480, 13, 2024/09/10, 15:34:58.929, 16868198912375, vstest.console.dll, MulticastDelegateUtilities.SafeInvoke: LengthPrefixCommunicationChannel: MessageReceived: Invoking callback 1/1 for Microsoft.VisualStudio.TestPlatform.CommunicationUtilities.TestRequestSender+<>c__DisplayClass34_0., took 0 ms.
TpTrace Verbose: 0 : 25480, 13, 2024/09/10, 15:34:58.929, 16868198912766, vstest.console.dll, TcpClientExtensions.MessageLoopAsync: Polling on remoteEndPoint: 127.0.0.1:54496 localEndPoint: 127.0.0.1:54495
TpTrace Verbose: 0 : 25480, 13, 2024/09/10, 15:34:58.929, 16868198913297, vstest.console.dll, TcpClientExtensions.MessageLoopAsync: NotifyDataAvailable remoteEndPoint: 127.0.0.1:54496 localEndPoint: 127.0.0.1:54495
TpTrace Verbose: 0 : 25480, 13, 2024/09/10, 15:34:58.929, 16868198914040, vstest.console.dll, TestRequestSender.OnExecutionMessageReceived: Received message: {"Version":7,"MessageType":"TestSession.Message","Payload":{"MessageLevel":0,"Message":"[xUnit.net 00:00:01.17]       Stack Trace:"}}
TpTrace Verbose: 0 : 25480, 13, 2024/09/10, 15:34:58.929, 16868198914785, vstest.console.dll, TestRunRequest:SendTestRunMessage: Starting.
TpTrace Verbose: 0 : 25480, 13, 2024/09/10, 15:34:58.929, 16868198915386, vstest.console.dll, MulticastDelegateUtilities.SafeInvoke: TestRun.LogMessages: Invoking callback 1/1 for Microsoft.VisualStudio.TestPlatform.CommandLine.TestRunResultAggregator., took 0 ms.
TpTrace Information: 0 : 25480, 13, 2024/09/10, 15:34:58.930, 16868198915931, vstest.console.dll, TestRunRequest:SendTestRunMessage: Completed.
TpTrace Verbose: 0 : 25480, 13, 2024/09/10, 15:34:58.930, 16868198916423, vstest.console.dll, MulticastDelegateUtilities.SafeInvoke: LengthPrefixCommunicationChannel: MessageReceived: Invoking callback 1/1 for Microsoft.VisualStudio.TestPlatform.CommunicationUtilities.TestRequestSender+<>c__DisplayClass34_0., took 0 ms.
TpTrace Verbose: 0 : 25480, 13, 2024/09/10, 15:34:58.930, 16868198916985, vstest.console.dll, TcpClientExtensions.MessageLoopAsync: Polling on remoteEndPoint: 127.0.0.1:54496 localEndPoint: 127.0.0.1:54495
TpTrace Verbose: 0 : 25480, 13, 2024/09/10, 15:34:58.930, 16868198917711, vstest.console.dll, TcpClientExtensions.MessageLoopAsync: NotifyDataAvailable remoteEndPoint: 127.0.0.1:54496 localEndPoint: 127.0.0.1:54495
TpTrace Verbose: 0 : 25480, 13, 2024/09/10, 15:34:58.930, 16868198918639, vstest.console.dll, TestRequestSender.OnExecutionMessageReceived: Received message: {"Version":7,"MessageType":"TestSession.Message","Payload":{"MessageLevel":0,"Message":"[xUnit.net 00:00:01.17]         C:\\Users\\jrowen\\source\\repos\\construx-class-work\\PlayerTracker\\PlayerTracker.UnitTests\\PropertyBasedTests.cs(59,0): at PlayerTracker.UnitTests.AbstractPropertyBasedTests.GetLeaderboards_DatesShouldNotBeInFuture()"}}
TpTrace Verbose: 0 : 25480, 13, 2024/09/10, 15:34:58.930, 16868198919777, vstest.console.dll, TestRunRequest:SendTestRunMessage: Starting.
TpTrace Verbose: 0 : 25480, 13, 2024/09/10, 15:34:58.930, 16868198920927, vstest.console.dll, MulticastDelegateUtilities.SafeInvoke: TestRun.LogMessages: Invoking callback 1/1 for Microsoft.VisualStudio.TestPlatform.CommandLine.TestRunResultAggregator., took 0 ms.
TpTrace Information: 0 : 25480, 13, 2024/09/10, 15:34:58.930, 16868198921597, vstest.console.dll, TestRunRequest:SendTestRunMessage: Completed.
TpTrace Verbose: 0 : 25480, 13, 2024/09/10, 15:34:58.930, 16868198922295, vstest.console.dll, MulticastDelegateUtilities.SafeInvoke: LengthPrefixCommunicationChannel: MessageReceived: Invoking callback 1/1 for Microsoft.VisualStudio.TestPlatform.CommunicationUtilities.TestRequestSender+<>c__DisplayClass34_0., took 0 ms.
TpTrace Verbose: 0 : 25480, 13, 2024/09/10, 15:34:58.930, 16868198922971, vstest.console.dll, TcpClientExtensions.MessageLoopAsync: Polling on remoteEndPoint: 127.0.0.1:54496 localEndPoint: 127.0.0.1:54495
TpTrace Verbose: 0 : 25480, 13, 2024/09/10, 15:34:58.930, 16868198923855, vstest.console.dll, TcpClientExtensions.MessageLoopAsync: NotifyDataAvailable remoteEndPoint: 127.0.0.1:54496 localEndPoint: 127.0.0.1:54495
TpTrace Verbose: 0 : 25480, 4, 2024/09/10, 15:34:58.930, 16868198924426, vstest.console.dll, MulticastDelegateUtilities.SafeInvoke: InternalTestLoggerEvents.SendTestResult: Invoking callback 1/1 for Microsoft.VisualStudio.TestPlatform.CommandLine.Internal.ConsoleLogger., took 3 ms.
TpTrace Verbose: 0 : 25480, 13, 2024/09/10, 15:34:58.930, 16868198924814, vstest.console.dll, TestRequestSender.OnExecutionMessageReceived: Received message: {"Version":7,"MessageType":"TestSession.Message","Payload":{"MessageLevel":0,"Message":"[xUnit.net 00:00:01.17]         --- End of stack trace from previous location ---"}}
TpTrace Verbose: 0 : 25480, 13, 2024/09/10, 15:34:58.931, 16868198926983, vstest.console.dll, TestRunRequest:SendTestRunMessage: Starting.
TpTrace Verbose: 0 : 25480, 13, 2024/09/10, 15:34:58.931, 16868198927911, vstest.console.dll, MulticastDelegateUtilities.SafeInvoke: TestRun.LogMessages: Invoking callback 1/1 for Microsoft.VisualStudio.TestPlatform.CommandLine.TestRunResultAggregator., took 0 ms.
TpTrace Information: 0 : 25480, 13, 2024/09/10, 15:34:58.931, 16868198928697, vstest.console.dll, TestRunRequest:SendTestRunMessage: Completed.
TpTrace Verbose: 0 : 25480, 4, 2024/09/10, 15:34:58.931, 16868198928847, vstest.console.dll, MulticastDelegateUtilities.SafeInvoke: InternalTestLoggerEvents.SendTestResult: Invoking callback 1/1 for Microsoft.VisualStudio.TestPlatform.CommandLine.Internal.ConsoleLogger., took 0 ms.
TpTrace Verbose: 0 : 25480, 13, 2024/09/10, 15:34:58.931, 16868198929460, vstest.console.dll, MulticastDelegateUtilities.SafeInvoke: LengthPrefixCommunicationChannel: MessageReceived: Invoking callback 1/1 for Microsoft.VisualStudio.TestPlatform.CommunicationUtilities.TestRequestSender+<>c__DisplayClass34_0., took 0 ms.
TpTrace Verbose: 0 : 25480, 13, 2024/09/10, 15:34:58.931, 16868198930725, vstest.console.dll, TcpClientExtensions.MessageLoopAsync: Polling on remoteEndPoint: 127.0.0.1:54496 localEndPoint: 127.0.0.1:54495
TpTrace Verbose: 0 : 25480, 13, 2024/09/10, 15:34:58.936, 16868198982189, vstest.console.dll, TcpClientExtensions.MessageLoopAsync: NotifyDataAvailable remoteEndPoint: 127.0.0.1:54496 localEndPoint: 127.0.0.1:54495
TpTrace Verbose: 0 : 25480, 13, 2024/09/10, 15:34:58.937, 16868198986180, vstest.console.dll, TestRequestSender.OnExecutionMessageReceived: Received message: {"Version":7,"MessageType":"TestExecution.StatsChange","Payload":{"NewTestResults":[{"TestCase":{"Id":"e6bc1227-fdc7-3cf6-0104-d7a90f64b467","FullyQualifiedName":"PlayerTracker.UnitTests.PlayerTrackerServiceTests.DatesShouldNotBeInFuture","DisplayName":"PlayerTracker.UnitTests.PlayerTrackerServiceTests.DatesShouldNotBeInFuture","ExecutorUri":"executor://xunit/VsTestRunner2/netcoreapp","Source":"C:\\Users\\jrowen\\source\\repos\\construx-class-work\\PlayerTracker\\PlayerTracker.UnitTests\\bin\\Debug\\net8.0\\fine-code-coverage\\build-output\\PlayerTracker.UnitTests.dll","CodeFilePath":null,"LineNumber":0,"Properties":[]},"Attachments":[],"Outcome":1,"ErrorMessage":null,"ErrorStackTrace":null,"DisplayName":"PlayerTracker.UnitTests.PlayerTrackerServiceTests.DatesShouldNotBeInFuture","Messages":[],"ComputerName":"LIN-532005L","Duration":"00:00:00.0115955","StartTime":"2024-09-10T21:34:58.9053179+00:00","EndTime":"2024-09-10T21:34:58.9053181+00:00","Properties":[]},{"TestCase":{"Id":"b68e8416-ede9-9547-4fbf-2911396f8e31","FullyQualifiedName":"PlayerTracker.UnitTests.PlayerTrackerServiceTests.GetLeaderboards_NoTournaments_ReturnsEmptyCollection","DisplayName":"PlayerTracker.UnitTests.PlayerTrackerServiceTests.GetLeaderboards_NoTournaments_ReturnsEmptyCollection","ExecutorUri":"executor://xunit/VsTestRunner2/netcoreapp","Source":"C:\\Users\\jrowen\\source\\repos\\construx-class-work\\PlayerTracker\\PlayerTracker.UnitTests\\bin\\Debug\\net8.0\\fine-code-coverage\\build-output\\PlayerTracker.UnitTests.dll","CodeFilePath":null,"LineNumber":0,"Properties":[]},"Attachments":[],"Outcome":1,"ErrorMessage":null,"ErrorStackTrace":null,"DisplayName":"PlayerTracker.UnitTests.PlayerTrackerServiceTests.GetLeaderboards_NoTournaments_ReturnsEmptyCollection","Messages":[],"ComputerName":"LIN-532005L","Duration":"00:00:00.0012275","StartTime":"2024-09-10T21:34:58.9081681+00:00","EndTime":"2024-09-10T21:34:58.9081683+00:00","Properties":[]},{"TestCase":{"Id":"c3ab7241-853e-c4c5-22c0-08b8b592ba5f","FullyQualifiedName":"PlayerTracker.UnitTests.PlayerTrackerServiceTests.GetLeaderboards_ContainsSpecificTournamentName","DisplayName":"PlayerTracker.UnitTests.PlayerTrackerServiceTests.GetLeaderboards_ContainsSpecificTournamentName","ExecutorUri":"executor://xunit/VsTestRunner2/netcoreapp","Source":"C:\\Users\\jrowen\\source\\repos\\construx-class-work\\PlayerTracker\\PlayerTracker.UnitTests\\bin\\Debug\\net8.0\\fine-code-coverage\\build-output\\PlayerTracker.UnitTests.dll","CodeFilePath":null,"LineNumber":0,"Properties":[]},"Attachments":[],"Outcome":1,"ErrorMessage":null,"ErrorStackTrace":null,"DisplayName":"PlayerTracker.UnitTests.PlayerTrackerServiceTests.GetLeaderboards_ContainsSpecificTournamentName","Messages":[],"ComputerName":"LIN-532005L","Duration":"00:00:00.0021276","StartTime":"2024-09-10T21:34:58.9111539+00:00","EndTime":"2024-09-10T21:34:58.9111541+00:00","Properties":[]},{"TestCase":{"Id":"6c8411b5-97cd-2d18-663e-691d7c6d22ad","FullyQualifiedName":"PlayerTracker.UnitTests.PropertyBasedTests.GetLeaderboards_DatesShouldNotBeInFuture","DisplayName":"PlayerTracker.UnitTests.PropertyBasedTests.GetLeaderboards_DatesShouldNotBeInFuture","ExecutorUri":"executor://xunit/VsTestRunner2/netcoreapp","Source":"C:\\Users\\jrowen\\source\\repos\\construx-class-work\\PlayerTracker\\PlayerTracker.UnitTests\\bin\\Debug\\net8.0\\fine-code-coverage\\build-output\\PlayerTracker.UnitTests.dll","CodeFilePath":null,"LineNumber":0,"Properties":[]},"Attachments":[],"Outcome":2,"ErrorMessage":"Tournament date found in future\r\nExpected: False\r\nActual:   True","ErrorStackTrace":"   at PlayerTracker.UnitTests.AbstractPropertyBasedTests.GetLeaderboards_DatesShouldNotBeInFuture() in C:\\Users\\jrowen\\source\\repos\\construx-class-work\\PlayerTracker\\PlayerTracker.UnitTests\\PropertyBasedTests.cs:line 59\r\n--- End of stack trace from previous location ---","DisplayName":"PlayerTracker.UnitTests.PropertyBasedTests.GetLeaderboards_DatesShouldNotBeInFuture","Messages":[],"ComputerName":"LIN-532005L","Duration":"00:00:00.0023631","StartTime":"2024-09-10T21:34:58.9154588+00:00","EndTime":"2024-09-10T21:34:58.915459+00:00","Properties":[]},{"TestCase":{"Id":"6a293772-f751-d2ef-1e6a-a7679fc6066f","FullyQualifiedName":"PlayerTracker.UnitTests.PlayerTrackerServiceTests.ValidateTournaments_InvalidTournaments_ReturnsEmptyCollection","DisplayName":"PlayerTracker.UnitTests.PlayerTrackerServiceTests.ValidateTournaments_InvalidTournaments_ReturnsEmptyCollection","ExecutorUri":"executor://xunit/VsTestRunner2/netcoreapp","Source":"C:\\Users\\jrowen\\source\\repos\\construx-class-work\\PlayerTracker\\PlayerTracker.UnitTests\\bin\\Debug\\net8.0\\fine-code-coverage\\build-output\\PlayerTracker.UnitTests.dll","CodeFilePath":null,"LineNumber":0,"Properties":[]},"Attachments":[],"Outcome":1,"ErrorMessage":null,"ErrorStackTrace":null,"DisplayName":"PlayerTracker.UnitTests.PlayerTrackerServiceTests.ValidateTournaments_InvalidTournaments_ReturnsEmptyCollection","Messages":[],"ComputerName":"LIN-532005L","Duration":"00:00:00.0015104","StartTime":"2024-09-10T21:34:58.918196+00:00","EndTime":"2024-09-10T21:34:58.9181961+00:00","Properties":[]},{"TestCase":{"Id":"2fa6a38c-4ea2-871b-517c-be735f4b8ca8","FullyQualifiedName":"PlayerTracker.UnitTests.PropertyBasedTests.GetLeaderboards_SeasonHasNotStarted","DisplayName":"PlayerTracker.UnitTests.PropertyBasedTests.GetLeaderboards_SeasonHasNotStarted","ExecutorUri":"executor://xunit/VsTestRunner2/netcoreapp","Source":"C:\\Users\\jrowen\\source\\repos\\construx-class-work\\PlayerTracker\\PlayerTracker.UnitTests\\bin\\Debug\\net8.0\\fine-code-coverage\\build-output\\PlayerTracker.UnitTests.dll","CodeFilePath":null,"LineNumber":0,"Properties":[]},"Attachments":[],"Outcome":1,"ErrorMessage":null,"ErrorStackTrace":null,"DisplayName":"PlayerTracker.UnitTests.PropertyBasedTests.GetLeaderboards_SeasonHasNotStarted","Messages":[],"ComputerName":"LIN-532005L","Duration":"00:00:00.0011862","StartTime":"2024-09-10T21:34:58.9215791+00:00","EndTime":"2024-09-10T21:34:58.9215797+00:00","Properties":[]},{"TestCase":{"Id":"a9945630-c4bb-34e1-42ad-8fb0cbfdd2cc","FullyQualifiedName":"PlayerTracker.UnitTests.PlayerTrackerServiceTests.GetLeaderboards_ReturnsCorrectNumberOfTournaments","DisplayName":"PlayerTracker.UnitTests.PlayerTrackerServiceTests.GetLeaderboards_ReturnsCorrectNumberOfTournaments","ExecutorUri":"executor://xunit/VsTestRunner2/netcoreapp","Source":"C:\\Users\\jrowen\\source\\repos\\construx-class-work\\PlayerTracker\\PlayerTracker.UnitTests\\bin\\Debug\\net8.0\\fine-code-coverage\\build-output\\PlayerTracker.UnitTests.dll","CodeFilePath":null,"LineNumber":0,"Properties":[]},"Attachments":[],"Outcome":1,"ErrorMessage":null,"ErrorStackTrace":null,"DisplayName":"PlayerTracker.UnitTests.PlayerTrackerServiceTests.GetLeaderboards_ReturnsCorrectNumberOfTournaments","Messages":[],"ComputerName":"LIN-532005L","Duration":"00:00:00.0036751","StartTime":"2024-09-10T21:34:58.9248644+00:00","EndTime":"2024-09-10T21:34:58.9248646+00:00","Properties":[]},{"TestCase":{"Id":"84d748a8-f939-3a4b-1b6c-0e93fbff67be","FullyQualifiedName":"PlayerTracker.UnitTests.PropertyBasedTests.GetLeaderboards_BadTournamentResults","DisplayName":"PlayerTracker.UnitTests.PropertyBasedTests.GetLeaderboards_BadTournamentResults","ExecutorUri":"executor://xunit/VsTestRunner2/netcoreapp","Source":"C:\\Users\\jrowen\\source\\repos\\construx-class-work\\PlayerTracker\\PlayerTracker.UnitTests\\bin\\Debug\\net8.0\\fine-code-coverage\\build-output\\PlayerTracker.UnitTests.dll","CodeFilePath":null,"LineNumber":0,"Properties":[]},"Attachments":[],"Outcome":1,"ErrorMessage":null,"ErrorStackTrace":null,"DisplayName":"PlayerTracker.UnitTests.PropertyBasedTests.GetLeaderboards_BadTournamentResults","Messages":[],"ComputerName":"LIN-532005L","Duration":"00:00:00.0032955","StartTime":"2024-09-10T21:34:58.9262231+00:00","EndTime":"2024-09-10T21:34:58.9262232+00:00","Properties":[]},{"TestCase":{"Id":"5ceeab55-0a41-e22d-e5f8-556339a4bbe5","FullyQualifiedName":"PlayerTracker.UnitTests.PlayerTrackerServiceTests.FilterPlayedLeaderboards_InvalidLeaderboards_ReturnsEmptyCollection","DisplayName":"PlayerTracker.UnitTests.PlayerTrackerServiceTests.FilterPlayedLeaderboards_InvalidLeaderboards_ReturnsEmptyCollection","ExecutorUri":"executor://xunit/VsTestRunner2/netcoreapp","Source":"C:\\Users\\jrowen\\source\\repos\\construx-class-work\\PlayerTracker\\PlayerTracker.UnitTests\\bin\\Debug\\net8.0\\fine-code-coverage\\build-output\\PlayerTracker.UnitTests.dll","CodeFilePath":null,"LineNumber":0,"Properties":[]},"Attachments":[],"Outcome":1,"ErrorMessage":null,"ErrorStackTrace":null,"DisplayName":"PlayerTracker.UnitTests.PlayerTrackerServiceTests.FilterPlayedLeaderboards_InvalidLeaderboards_ReturnsEmptyCollection","Messages":[],"ComputerName":"LIN-532005L","Duration":"00:00:00.0018737","StartTime":"2024-09-10T21:34:58.9292636+00:00","EndTime":"2024-09-10T21:34:58.9292638+00:00","Properties":[]}],"TestRunStatistics":{"ExecutedTests":17,"Stats":{"Passed":15,"Failed":2}},"ActiveTests":[{"Id":"43145e2d-e855-88ca-ed36-7d441b3c8306","FullyQualifiedName":"PlayerTracker.UnitTests.PlayerTrackerServiceTests.FilterPlayedLeaderboards_LeaderboardsWithoutScottieScheffler","DisplayName":"PlayerTracker.UnitTests.PlayerTrackerServiceTests.FilterPlayedLeaderboards_LeaderboardsWithoutScottieScheffler","ExecutorUri":"executor://xunit/VsTestRunner2/netcoreapp","Source":"C:\\Users\\jrowen\\source\\repos\\construx-class-work\\PlayerTracker\\PlayerTracker.UnitTests\\bin\\Debug\\net8.0\\fine-code-coverage\\build-output\\PlayerTracker.UnitTests.dll","CodeFilePath":null,"LineNumber":0,"Properties":[]}]}}
TpTrace Verbose: 0 : 25480, 4, 2024/09/10, 15:34:58.937, 16868198987166, vstest.console.dll, MulticastDelegateUtilities.SafeInvoke: InternalTestLoggerEvents.SendTestResult: Invoking callback 1/1 for Microsoft.VisualStudio.TestPlatform.CommandLine.Internal.ConsoleLogger., took 5 ms.
TpTrace Verbose: 0 : 25480, 4, 2024/09/10, 15:34:58.937, 16868198990260, vstest.console.dll, MulticastDelegateUtilities.SafeInvoke: InternalTestLoggerEvents.SendTestResult: Invoking callback 1/1 for Microsoft.VisualStudio.TestPlatform.CommandLine.Internal.ConsoleLogger., took 0 ms.
TpTrace Verbose: 0 : 25480, 4, 2024/09/10, 15:34:58.937, 16868198991156, vstest.console.dll, MulticastDelegateUtilities.SafeInvoke: InternalTestLoggerEvents.SendTestResult: Invoking callback 1/1 for Microsoft.VisualStudio.TestPlatform.CommandLine.Internal.ConsoleLogger., took 0 ms.
TpTrace Verbose: 0 : 25480, 4, 2024/09/10, 15:34:58.937, 16868198991907, vstest.console.dll, MulticastDelegateUtilities.SafeInvoke: InternalTestLoggerEvents.SendTestResult: Invoking callback 1/1 for Microsoft.VisualStudio.TestPlatform.CommandLine.Internal.ConsoleLogger., took 0 ms.
TpTrace Verbose: 0 : 25480, 4, 2024/09/10, 15:34:58.937, 16868198992558, vstest.console.dll, MulticastDelegateUtilities.SafeInvoke: InternalTestLoggerEvents.SendTestResult: Invoking callback 1/1 for Microsoft.VisualStudio.TestPlatform.CommandLine.Internal.ConsoleLogger., took 0 ms.
TpTrace Verbose: 0 : 25480, 4, 2024/09/10, 15:34:58.937, 16868198993212, vstest.console.dll, MulticastDelegateUtilities.SafeInvoke: InternalTestLoggerEvents.SendTestResult: Invoking callback 1/1 for Microsoft.VisualStudio.TestPlatform.CommandLine.Internal.ConsoleLogger., took 0 ms.
TpTrace Verbose: 0 : 25480, 4, 2024/09/10, 15:34:58.937, 16868198994188, vstest.console.dll, MulticastDelegateUtilities.SafeInvoke: InternalTestLoggerEvents.SendTestRunMessage: Invoking callback 1/1 for Microsoft.VisualStudio.TestPlatform.CommandLine.Internal.ConsoleLogger., took 0 ms.
TpTrace Verbose: 0 : 25480, 4, 2024/09/10, 15:34:58.937, 16868198994801, vstest.console.dll, MulticastDelegateUtilities.SafeInvoke: InternalTestLoggerEvents.SendTestRunMessage: Invoking callback 1/1 for Microsoft.VisualStudio.TestPlatform.CommandLine.Internal.ConsoleLogger., took 0 ms.
TpTrace Verbose: 0 : 25480, 4, 2024/09/10, 15:34:58.937, 16868198995483, vstest.console.dll, MulticastDelegateUtilities.SafeInvoke: InternalTestLoggerEvents.SendTestRunMessage: Invoking callback 1/1 for Microsoft.VisualStudio.TestPlatform.CommandLine.Internal.ConsoleLogger., took 0 ms.
TpTrace Verbose: 0 : 25480, 4, 2024/09/10, 15:34:58.938, 16868198996235, vstest.console.dll, MulticastDelegateUtilities.SafeInvoke: InternalTestLoggerEvents.SendTestRunMessage: Invoking callback 1/1 for Microsoft.VisualStudio.TestPlatform.CommandLine.Internal.ConsoleLogger., took 0 ms.
TpTrace Verbose: 0 : 25480, 4, 2024/09/10, 15:34:58.938, 16868198997732, vstest.console.dll, MulticastDelegateUtilities.SafeInvoke: InternalTestLoggerEvents.SendTestRunMessage: Invoking callback 1/1 for Microsoft.VisualStudio.TestPlatform.CommandLine.Internal.ConsoleLogger., took 0 ms.
TpTrace Verbose: 0 : 25480, 4, 2024/09/10, 15:34:58.938, 16868198998770, vstest.console.dll, MulticastDelegateUtilities.SafeInvoke: InternalTestLoggerEvents.SendTestRunMessage: Invoking callback 1/1 for Microsoft.VisualStudio.TestPlatform.CommandLine.Internal.ConsoleLogger., took 0 ms.
TpTrace Verbose: 0 : 25480, 4, 2024/09/10, 15:34:58.938, 16868198999585, vstest.console.dll, MulticastDelegateUtilities.SafeInvoke: InternalTestLoggerEvents.SendTestRunMessage: Invoking callback 1/1 for Microsoft.VisualStudio.TestPlatform.CommandLine.Internal.ConsoleLogger., took 0 ms.
TpTrace Verbose: 0 : 25480, 13, 2024/09/10, 15:34:58.938, 16868198999592, vstest.console.dll, TestRunRequest:SendTestRunStatsChange: Starting.
TpTrace Verbose: 0 : 25480, 13, 2024/09/10, 15:34:58.938, 16868199001136, vstest.console.dll, InProgress is PlayerTracker.UnitTests.PlayerTrackerServiceTests.FilterPlayedLeaderboards_LeaderboardsWithoutScottieScheffler
TpTrace Verbose: 0 : 25480, 13, 2024/09/10, 15:34:58.938, 16868199001942, vstest.console.dll, MulticastDelegateUtilities.SafeInvoke: TestRun.RunStatsChanged: Invoking callbacks was skipped because there are no subscribers.
TpTrace Information: 0 : 25480, 13, 2024/09/10, 15:34:58.938, 16868199002437, vstest.console.dll, TestRunRequest:SendTestRunStatsChange: Completed.
TpTrace Verbose: 0 : 25480, 4, 2024/09/10, 15:34:58.938, 16868199002416, vstest.console.dll, MulticastDelegateUtilities.SafeInvoke: InternalTestLoggerEvents.SendTestResult: Invoking callback 1/1 for Microsoft.VisualStudio.TestPlatform.CommandLine.Internal.ConsoleLogger., took 0 ms.
TpTrace Verbose: 0 : 25480, 13, 2024/09/10, 15:34:58.938, 16868199003045, vstest.console.dll, MulticastDelegateUtilities.SafeInvoke: LengthPrefixCommunicationChannel: MessageReceived: Invoking callback 1/1 for Microsoft.VisualStudio.TestPlatform.CommunicationUtilities.TestRequestSender+<>c__DisplayClass34_0., took 1 ms.
TpTrace Verbose: 0 : 25480, 4, 2024/09/10, 15:34:58.938, 16868199004167, vstest.console.dll, MulticastDelegateUtilities.SafeInvoke: InternalTestLoggerEvents.SendTestResult: Invoking callback 1/1 for Microsoft.VisualStudio.TestPlatform.CommandLine.Internal.ConsoleLogger., took 0 ms.
TpTrace Verbose: 0 : 25480, 13, 2024/09/10, 15:34:58.938, 16868199004404, vstest.console.dll, TcpClientExtensions.MessageLoopAsync: Polling on remoteEndPoint: 127.0.0.1:54496 localEndPoint: 127.0.0.1:54495
TpTrace Verbose: 0 : 25480, 4, 2024/09/10, 15:34:58.938, 16868199005504, vstest.console.dll, MulticastDelegateUtilities.SafeInvoke: InternalTestLoggerEvents.SendTestResult: Invoking callback 1/1 for Microsoft.VisualStudio.TestPlatform.CommandLine.Internal.ConsoleLogger., took 0 ms.
TpTrace Verbose: 0 : 25480, 4, 2024/09/10, 15:34:58.939, 16868199008236, vstest.console.dll, MulticastDelegateUtilities.SafeInvoke: InternalTestLoggerEvents.SendTestResult: Invoking callback 1/1 for Microsoft.VisualStudio.TestPlatform.CommandLine.Internal.ConsoleLogger., took 0 ms.
TpTrace Verbose: 0 : 25480, 4, 2024/09/10, 15:34:58.939, 16868199009039, vstest.console.dll, MulticastDelegateUtilities.SafeInvoke: InternalTestLoggerEvents.SendTestResult: Invoking callback 1/1 for Microsoft.VisualStudio.TestPlatform.CommandLine.Internal.ConsoleLogger., took 0 ms.
TpTrace Verbose: 0 : 25480, 4, 2024/09/10, 15:34:58.939, 16868199009713, vstest.console.dll, MulticastDelegateUtilities.SafeInvoke: InternalTestLoggerEvents.SendTestResult: Invoking callback 1/1 for Microsoft.VisualStudio.TestPlatform.CommandLine.Internal.ConsoleLogger., took 0 ms.
TpTrace Verbose: 0 : 25480, 4, 2024/09/10, 15:34:58.939, 16868199010418, vstest.console.dll, MulticastDelegateUtilities.SafeInvoke: InternalTestLoggerEvents.SendTestResult: Invoking callback 1/1 for Microsoft.VisualStudio.TestPlatform.CommandLine.Internal.ConsoleLogger., took 0 ms.
TpTrace Verbose: 0 : 25480, 4, 2024/09/10, 15:34:58.939, 16868199011032, vstest.console.dll, MulticastDelegateUtilities.SafeInvoke: InternalTestLoggerEvents.SendTestResult: Invoking callback 1/1 for Microsoft.VisualStudio.TestPlatform.CommandLine.Internal.ConsoleLogger., took 0 ms.
TpTrace Verbose: 0 : 25480, 4, 2024/09/10, 15:34:58.939, 16868199011872, vstest.console.dll, MulticastDelegateUtilities.SafeInvoke: InternalTestLoggerEvents.SendTestResult: Invoking callback 1/1 for Microsoft.VisualStudio.TestPlatform.CommandLine.Internal.ConsoleLogger., took 0 ms.
TpTrace Verbose: 0 : 25480, 13, 2024/09/10, 15:34:58.941, 16868199026102, vstest.console.dll, TcpClientExtensions.MessageLoopAsync: NotifyDataAvailable remoteEndPoint: 127.0.0.1:54496 localEndPoint: 127.0.0.1:54495
TpTrace Verbose: 0 : 25480, 13, 2024/09/10, 15:34:58.941, 16868199027509, vstest.console.dll, TestRequestSender.OnExecutionMessageReceived: Received message: {"Version":7,"MessageType":"TestSession.Message","Payload":{"MessageLevel":0,"Message":"[xUnit.net 00:00:01.20]   Finished:    PlayerTracker.UnitTests"}}
TpTrace Verbose: 0 : 25480, 13, 2024/09/10, 15:34:58.941, 16868199028789, vstest.console.dll, TestRunRequest:SendTestRunMessage: Starting.
TpTrace Verbose: 0 : 25480, 13, 2024/09/10, 15:34:58.941, 16868199029557, vstest.console.dll, MulticastDelegateUtilities.SafeInvoke: TestRun.LogMessages: Invoking callback 1/1 for Microsoft.VisualStudio.TestPlatform.CommandLine.TestRunResultAggregator., took 0 ms.
TpTrace Verbose: 0 : 25480, 4, 2024/09/10, 15:34:58.941, 16868199029697, vstest.console.dll, MulticastDelegateUtilities.SafeInvoke: InternalTestLoggerEvents.SendTestRunMessage: Invoking callback 1/1 for Microsoft.VisualStudio.TestPlatform.CommandLine.Internal.ConsoleLogger., took 0 ms.
TpTrace Information: 0 : 25480, 13, 2024/09/10, 15:34:58.941, 16868199030074, vstest.console.dll, TestRunRequest:SendTestRunMessage: Completed.
TpTrace Verbose: 0 : 25480, 13, 2024/09/10, 15:34:58.941, 16868199031400, vstest.console.dll, MulticastDelegateUtilities.SafeInvoke: LengthPrefixCommunicationChannel: MessageReceived: Invoking callback 1/1 for Microsoft.VisualStudio.TestPlatform.CommunicationUtilities.TestRequestSender+<>c__DisplayClass34_0., took 0 ms.
TpTrace Verbose: 0 : 25480, 13, 2024/09/10, 15:34:58.941, 16868199031885, vstest.console.dll, TcpClientExtensions.MessageLoopAsync: Polling on remoteEndPoint: 127.0.0.1:54496 localEndPoint: 127.0.0.1:54495
TpTrace Verbose: 0 : 25480, 13, 2024/09/10, 15:34:58.956, 16868199183192, vstest.console.dll, TcpClientExtensions.MessageLoopAsync: NotifyDataAvailable remoteEndPoint: 127.0.0.1:54496 localEndPoint: 127.0.0.1:54495
TpTrace Verbose: 0 : 25480, 13, 2024/09/10, 15:34:58.956, 16868199185159, vstest.console.dll, TestRequestSender.OnExecutionMessageReceived: Received message: {"Version":7,"MessageType":"TestExecution.Completed","Payload":{"TestRunCompleteArgs":{"TestRunStatistics":{"ExecutedTests":19,"Stats":{"Passed":17,"Failed":2}},"IsCanceled":false,"IsAborted":false,"Error":null,"AttachmentSets":[],"InvokedDataCollectors":[],"ElapsedTimeInRunningTests":"00:00:01.2135731","Metrics":{},"DiscoveredExtensions":{"TestDiscoverers":["Xunit.Runner.VisualStudio.VsTestRunner, xunit.runner.visualstudio.dotnetcore.testadapter, Version=2.4.0.0, Culture=neutral, PublicKeyToken=8d05b1bb7a6fdb6c"],"TestExecutors":["executor://xunit/VsTestRunner2/netcoreapp"],"TestExecutors2":[],"TestSettingsProviders":[]}},"LastRunTests":{"NewTestResults":[{"TestCase":{"Id":"43145e2d-e855-88ca-ed36-7d441b3c8306","FullyQualifiedName":"PlayerTracker.UnitTests.PlayerTrackerServiceTests.FilterPlayedLeaderboards_LeaderboardsWithoutScottieScheffler","DisplayName":"PlayerTracker.UnitTests.PlayerTrackerServiceTests.FilterPlayedLeaderboards_LeaderboardsWithoutScottieScheffler","ExecutorUri":"executor://xunit/VsTestRunner2/netcoreapp","Source":"C:\\Users\\jrowen\\source\\repos\\construx-class-work\\PlayerTracker\\PlayerTracker.UnitTests\\bin\\Debug\\net8.0\\fine-code-coverage\\build-output\\PlayerTracker.UnitTests.dll","CodeFilePath":null,"LineNumber":0,"Properties":[]},"Attachments":[],"Outcome":1,"ErrorMessage":null,"ErrorStackTrace":null,"DisplayName":"PlayerTracker.UnitTests.PlayerTrackerServiceTests.FilterPlayedLeaderboards_LeaderboardsWithoutScottieScheffler","Messages":[],"ComputerName":"LIN-532005L","Duration":"00:00:00.0017399","StartTime":"2024-09-10T21:34:58.9338566+00:00","EndTime":"2024-09-10T21:34:58.9338568+00:00","Properties":[]},{"TestCase":{"Id":"cc099d2b-f8bf-afa5-e696-79b08b5d5140","FullyQualifiedName":"PlayerTracker.UnitTests.PlayerTrackerServiceTests.GetLeaderboards_ReturnsNonNullResult","DisplayName":"PlayerTracker.UnitTests.PlayerTrackerServiceTests.GetLeaderboards_ReturnsNonNullResult","ExecutorUri":"executor://xunit/VsTestRunner2/netcoreapp","Source":"C:\\Users\\jrowen\\source\\repos\\construx-class-work\\PlayerTracker\\PlayerTracker.UnitTests\\bin\\Debug\\net8.0\\fine-code-coverage\\build-output\\PlayerTracker.UnitTests.dll","CodeFilePath":null,"LineNumber":0,"Properties":[]},"Attachments":[],"Outcome":1,"ErrorMessage":null,"ErrorStackTrace":null,"DisplayName":"PlayerTracker.UnitTests.PlayerTrackerServiceTests.GetLeaderboards_ReturnsNonNullResult","Messages":[],"ComputerName":"LIN-532005L","Duration":"00:00:00.0016893","StartTime":"2024-09-10T21:34:58.9365023+00:00","EndTime":"2024-09-10T21:34:58.9365024+00:00","Properties":[]}],"TestRunStatistics":{"ExecutedTests":19,"Stats":{"Passed":17,"Failed":2}},"ActiveTests":[]},"RunAttachments":[],"ExecutorUris":["executor://xunit/VsTestRunner2/netcoreapp"]}}
TpTrace Verbose: 0 : 25480, 13, 2024/09/10, 15:34:58.957, 16868199186243, vstest.console.dll, TestRequestSender.EndSession: Sending end session.
TpTrace Verbose: 0 : 25480, 13, 2024/09/10, 15:34:58.957, 16868199188032, vstest.console.dll, ProxyOperationManager.Close: waiting for test host to exit for 100 ms
TpTrace Verbose: 0 : 25480, 12, 2024/09/10, 15:34:58.990, 16868199521984, vstest.console.dll, TestHostManagerCallbacks.ctor: Experimental forwarding output is disabled.
TpTrace Warning: 0 : 25480, 12, 2024/09/10, 15:34:58.990, 16868199523438, vstest.console.dll, TestHostManagerCallbacks.ErrorReceivedCallback Test host standard error line: 
TpTrace Verbose: 0 : 25480, 12, 2024/09/10, 15:34:59.007, 16868199688321, vstest.console.dll, TestHostProvider.ExitCallBack: Host exited starting callback.
TpTrace Information: 0 : 25480, 12, 2024/09/10, 15:34:59.007, 16868199690066, vstest.console.dll, TestHostManagerCallbacks.ExitCallBack: Testhost processId: 3316 exited with exitcode: 0 error: ''
TpTrace Verbose: 0 : 25480, 12, 2024/09/10, 15:34:59.007, 16868199690616, vstest.console.dll, DotnetTestHostManager.OnHostExited: invoking OnHostExited callback
TpTrace Verbose: 0 : 25480, 12, 2024/09/10, 15:34:59.007, 16868199691267, vstest.console.dll, CrossPlatEngine.TestHostManagerHostExited: calling on client process exit callback.
TpTrace Information: 0 : 25480, 12, 2024/09/10, 15:34:59.007, 16868199691912, vstest.console.dll, TestRequestSender.OnClientProcessExit: Test host process exited. Standard error: 
TpTrace Information: 0 : 25480, 13, 2024/09/10, 15:34:59.007, 16868199692257, vstest.console.dll, SocketServer.Stop: Stop server endPoint: 127.0.0.1:54495
TpTrace Information: 0 : 25480, 12, 2024/09/10, 15:34:59.007, 16868199692459, vstest.console.dll, SocketServer.Stop: Stop server endPoint: 127.0.0.1:54495
TpTrace Information: 0 : 25480, 13, 2024/09/10, 15:34:59.007, 16868199693041, vstest.console.dll, SocketServer.Stop: Cancellation requested. Stopping message loop.
TpTrace Information: 0 : 25480, 12, 2024/09/10, 15:34:59.007, 16868199693584, vstest.console.dll, SocketServer.Stop: Cancellation requested. Stopping message loop.
TpTrace Information: 0 : 25480, 13, 2024/09/10, 15:34:59.007, 16868199695287, vstest.console.dll, Closing the connection
TpTrace Verbose: 0 : 25480, 12, 2024/09/10, 15:34:59.007, 16868199695250, vstest.console.dll, MulticastDelegateUtilities.SafeInvoke: HostProviderEvents.OnHostExited: Invoking callback 1/1 for Microsoft.VisualStudio.TestPlatform.CrossPlatEngine.Client.ProxyOperationManager., took 0 ms.
TpTrace Verbose: 0 : 25480, 13, 2024/09/10, 15:34:59.008, 16868199700990, vstest.console.dll, ProxyDataCollectionManager.InvokeDataCollectionServiceAction: Starting.
TpTrace Information: 0 : 25480, 13, 2024/09/10, 15:34:59.008, 16868199701655, vstest.console.dll, ProxyDataCollectionManager.AfterTestRunEnd: Get attachment set and invoked data collectors processId: 8596 port: 54492
TpTrace Verbose: 0 : 25480, 13, 2024/09/10, 15:34:59.008, 16868199702272, vstest.console.dll, DataCollectionRequestSender.SendAfterTestRunStartAndGetResult: Send AfterTestRunEnd message with isCancelled: False
TpTrace Verbose: 0 : 25480, 13, 2024/09/10, 15:34:59.014, 16868199765037, vstest.console.dll, DataCollectionRequestSender.SendAfterTestRunStartAndGetResult: Received message: (DataCollection.AfterTestRunEndResult) -> {"MessageType":"DataCollection.AfterTestRunEndResult","Payload":{"AttachmentSets":[],"InvokedDataCollectors":[{"Uri":"datacollector://Microsoft/TestPlatform/Extensions/Blame/v1","FriendlyName":"Blame","AssemblyQualifiedName":"Microsoft.TestPlatform.Extensions.BlameDataCollector.BlameCollector, Microsoft.TestPlatform.Extensions.BlameDataCollector, Version=15.0.0.0, Culture=neutral, PublicKeyToken=b03f5f7f11d50a3a","FilePath":"C:\\Program Files\\dotnet\\sdk\\8.0.101\\Extensions\\Microsoft.TestPlatform.Extensions.BlameDataCollector.dll","HasAttachmentProcessor":false}],"Metrics":{}}}
TpTrace Information: 0 : 25480, 13, 2024/09/10, 15:34:59.020, 16868199819192, vstest.console.dll, ProxyDataCollectionManager.InvokeDataCollectionServiceAction: Completed.
TpTrace Warning: 0 : 25480, 10, 2024/09/10, 15:34:59.021, 16868199834622, vstest.console.dll, DataCollectionLauncher.ErrorReceivedCallback datacollector standard error line: 
TpTrace Information: 0 : 25480, 10, 2024/09/10, 15:34:59.029, 16868199913410, vstest.console.dll, DataCollectionLauncher.ExitCallBack: Data collector exited with exitcode: 0 error: ''
TpTrace Verbose: 0 : 25480, 13, 2024/09/10, 15:34:59.062, 16868200240668, vstest.console.dll, TestRunRequest:SendTestRunStatsChange: Starting.
TpTrace Verbose: 0 : 25480, 13, 2024/09/10, 15:34:59.062, 16868200242255, vstest.console.dll, MulticastDelegateUtilities.SafeInvoke: TestRun.RunStatsChanged: Invoking callbacks was skipped because there are no subscribers.
TpTrace Information: 0 : 25480, 13, 2024/09/10, 15:34:59.062, 16868200242935, vstest.console.dll, TestRunRequest:SendTestRunStatsChange: Completed.
TpTrace Verbose: 0 : 25480, 4, 2024/09/10, 15:34:59.062, 16868200243144, vstest.console.dll, MulticastDelegateUtilities.SafeInvoke: InternalTestLoggerEvents.SendTestResult: Invoking callback 1/1 for Microsoft.VisualStudio.TestPlatform.CommandLine.Internal.ConsoleLogger., took 0 ms.
TpTrace Verbose: 0 : 25480, 4, 2024/09/10, 15:34:59.062, 16868200244209, vstest.console.dll, MulticastDelegateUtilities.SafeInvoke: InternalTestLoggerEvents.SendTestResult: Invoking callback 1/1 for Microsoft.VisualStudio.TestPlatform.CommandLine.Internal.ConsoleLogger., took 0 ms.
TpTrace Verbose: 0 : 25480, 13, 2024/09/10, 15:34:59.063, 16868200246650, vstest.console.dll, ParallelProxyExecutionManager: HandlePartialRunComplete: Total workloads = 1, Total started clients = 1 Total completed clients = 1, Run complete = True, Run canceled: False.
TpTrace Verbose: 0 : 25480, 13, 2024/09/10, 15:34:59.063, 16868200247322, vstest.console.dll, ParallelProxyExecutionManager: HandlePartialRunComplete: All runs completed stopping all managers.
TpTrace Verbose: 0 : 25480, 13, 2024/09/10, 15:34:59.063, 16868200247807, vstest.console.dll, ParallelOperationManager.StopAllManagers: Stopping all managers.
TpTrace Verbose: 0 : 25480, 13, 2024/09/10, 15:34:59.063, 16868200248254, vstest.console.dll, ParallelOperationManager.ClearSlots: Clearing all slots. Slots should accept more work: False
TpTrace Verbose: 0 : 25480, 13, 2024/09/10, 15:34:59.063, 16868200248814, vstest.console.dll, ParallelOperationManager.SetOccupiedSlotCount: Setting slot counts AvailableSlotCount = 1, OccupiedSlotCount = 0.
TpTrace Verbose: 0 : 25480, 13, 2024/09/10, 15:34:59.063, 16868200249405, vstest.console.dll, Occupied slots:

TpTrace Verbose: 0 : 25480, 4, 2024/09/10, 15:34:59.071, 16868200329072, vstest.console.dll, MulticastDelegateUtilities.SafeInvoke: InternalTestLoggerEvents.SendTestRunComplete: Invoking callback 1/2 for Microsoft.TestPlatform.Extensions.BlameDataCollector.BlameLogger., took 0 ms.
TpTrace Verbose: 0 : 25480, 4, 2024/09/10, 15:34:59.076, 16868200381997, vstest.console.dll, MulticastDelegateUtilities.SafeInvoke: InternalTestLoggerEvents.SendTestRunComplete: Invoking callback 2/2 for Microsoft.VisualStudio.TestPlatform.CommandLine.Internal.ConsoleLogger., took 5 ms.
TpTrace Verbose: 0 : 25480, 13, 2024/09/10, 15:34:59.076, 16868200385505, vstest.console.dll, TestRunRequest:TestRunComplete: Starting. IsAborted:False IsCanceled:False.
TpTrace Verbose: 0 : 25480, 13, 2024/09/10, 15:34:59.077, 16868200387407, vstest.console.dll, ParallelOperationManager.DoActionOnAllManagers: Calling an action on all managers.
TpTrace Verbose: 0 : 25480, 13, 2024/09/10, 15:34:59.078, 16868200395819, vstest.console.dll, TestLoggerManager.HandleTestRunComplete: Ignoring as the object is disposed.
TpTrace Verbose: 0 : 25480, 13, 2024/09/10, 15:34:59.078, 16868200397767, vstest.console.dll, MulticastDelegateUtilities.SafeInvoke: TestRun.TestRunComplete: Invoking callback 1/2 for Microsoft.VisualStudio.TestPlatform.CommandLine.TestRunResultAggregator., took 0 ms.
TpTrace Verbose: 0 : 25480, 13, 2024/09/10, 15:34:59.078, 16868200399076, vstest.console.dll, MulticastDelegateUtilities.SafeInvoke: TestRun.TestRunComplete: Invoking callback 2/2 for Microsoft.VisualStudio.TestPlatform.CommandLine.Processors.RunTestsArgumentExecutor+TestRunRequestEventsRegistrar., took 0 ms.
TpTrace Information: 0 : 25480, 13, 2024/09/10, 15:34:59.078, 16868200400154, vstest.console.dll, TestRunRequest:TestRunComplete: Completed.
TpTrace Verbose: 0 : 25480, 1, 2024/09/10, 15:34:59.078, 16868200400359, vstest.console.dll, TestRunRequest.Dispose: Starting.
TpTrace Verbose: 0 : 25480, 13, 2024/09/10, 15:34:59.078, 16868200400712, vstest.console.dll, TestRequestSender.SetOperationComplete: Setting operation complete.
TpTrace Information: 0 : 25480, 1, 2024/09/10, 15:34:59.078, 16868200401474, vstest.console.dll, TestRunRequest.Dispose: Completed.
TpTrace Information: 0 : 25480, 13, 2024/09/10, 15:34:59.078, 16868200402155, vstest.console.dll, SocketServer.Stop: Stop server endPoint: 127.0.0.1:54495
TpTrace Information: 0 : 25480, 1, 2024/09/10, 15:34:59.078, 16868200402182, vstest.console.dll, TestRequestManager.RunTests: run tests completed.
TpTrace Information: 0 : 25480, 13, 2024/09/10, 15:34:59.078, 16868200402677, vstest.console.dll, SocketServer.Stop: Cancellation requested. Stopping message loop.
TpTrace Information: 0 : 25480, 1, 2024/09/10, 15:34:59.078, 16868200403639, vstest.console.dll, RunTestsArgumentProcessor:Execute: Test run is completed.
TpTrace Verbose: 0 : 25480, 13, 2024/09/10, 15:34:59.078, 16868200403655, vstest.console.dll, MulticastDelegateUtilities.SafeInvoke: LengthPrefixCommunicationChannel: MessageReceived: Invoking callback 1/1 for Microsoft.VisualStudio.TestPlatform.CommunicationUtilities.TestRequestSender+<>c__DisplayClass34_0., took 121 ms.
TpTrace Information: 0 : 25480, 13, 2024/09/10, 15:34:59.078, 16868200404758, vstest.console.dll, SocketServer.PrivateStop: Stopping server endPoint: 127.0.0.1:54495 error: 
TpTrace Verbose: 0 : 25480, 1, 2024/09/10, 15:34:59.079, 16868200406021, vstest.console.dll, Executor.Execute: Exiting with exit code of 1
TpTrace Verbose: 0 : 25480, 13, 2024/09/10, 15:34:59.079, 16868200408542, vstest.console.dll, LengthPrefixCommunicationChannel.Dispose: Dispose reader and writer.
TpTrace Information: 0 : 25480, 13, 2024/09/10, 15:34:59.079, 16868200409354, vstest.console.dll, SocketServer.Stop: Raise disconnected event endPoint: 127.0.0.1:54495 error: 
TpTrace Verbose: 0 : 25480, 13, 2024/09/10, 15:34:59.079, 16868200410233, vstest.console.dll, TestRequestSender: OnTestRunAbort: Operation is already complete. Skip error message.
TpTrace Verbose: 0 : 25480, 13, 2024/09/10, 15:34:59.079, 16868200410752, vstest.console.dll, MulticastDelegateUtilities.SafeInvoke: SocketServer: ClientDisconnected: Invoking callback 1/1 for Microsoft.VisualStudio.TestPlatform.CommunicationUtilities.TestRequestSender., took 0 ms.
TpTrace Verbose: 0 : 25480, 13, 2024/09/10, 15:34:59.079, 16868200411160, vstest.console.dll, TcpClientExtensions.MessageLoopAsync: exiting MessageLoopAsync remoteEndPoint: 127.0.0.1:54496 localEndPoint: 127.0.0.1:54495
